{"C:\\Users\\Tharin\\Desktop\\pg6301_web_development_mock_exam\\src\\client\\components\\book.jsx": {"path":"C:\\Users\\Tharin\\Desktop\\pg6301_web_development_mock_exam\\src\\client\\components\\book.jsx","statementMap":{"0":{"start":{"line":7,"column":8},"end":{"line":7,"column":21}},"1":{"start":{"line":9,"column":8},"end":{"line":13,"column":10}},"2":{"start":{"line":15,"column":8},"end":{"line":15,"column":55}},"3":{"start":{"line":18,"column":20},"end":{"line":32,"column":5}},"4":{"start":{"line":19,"column":8},"end":{"line":19,"column":31}},"5":{"start":{"line":21,"column":26},"end":{"line":25,"column":30}},"6":{"start":{"line":27,"column":8},"end":{"line":31,"column":9}},"7":{"start":{"line":28,"column":12},"end":{"line":28,"column":41}},"8":{"start":{"line":30,"column":12},"end":{"line":30,"column":46}},"9":{"start":{"line":34,"column":21},"end":{"line":36,"column":5}},"10":{"start":{"line":35,"column":8},"end":{"line":35,"column":52}},"11":{"start":{"line":38,"column":20},"end":{"line":40,"column":5}},"12":{"start":{"line":39,"column":8},"end":{"line":39,"column":51}},"13":{"start":{"line":42,"column":19},"end":{"line":44,"column":5}},"14":{"start":{"line":43,"column":8},"end":{"line":43,"column":50}},"15":{"start":{"line":48,"column":8},"end":{"line":77,"column":10}}},"fnMap":{"0":{
  "name":"(anonymous_0)","decl":{"start":{"line":6,"column":4},"end":{"line":6,"column":5}},"loc":{"start":{"line":6,"column":23},"end":{"line":16,"column":5}},"line":6},"1":{
  "name":"(anonymous_1)","decl":{"start":{"line":18,"column":20},"end":{"line":18,"column":21}},"loc":{"start":{"line":18,"column":37},"end":{"line":32,"column":5}},"line":18},"2":{
  "name":"(anonymous_2)","decl":{"start":{"line":34,"column":21},"end":{"line":34,"column":22}},"loc":{"start":{"line":34,"column":32},"end":{"line":36,"column":5}},"line":34},"3":{
  "name":"(anonymous_3)","decl":{"start":{"line":38,"column":20},"end":{"line":38,"column":21}},"loc":{"start":{"line":38,"column":31},"end":{"line":40,"column":5}},"line":38},"4":{
  "name":"(anonymous_4)","decl":{"start":{"line":42,"column":19},"end":{"line":42,"column":20}},"loc":{"start":{"line":42,"column":30},"end":{"line":44,"column":5}},"line":42},"5":{
  "name":"(anonymous_5)","decl":{"start":{"line":46,"column":4},"end":{"line":46,"column":5}},"loc":{"start":{"line":46,"column":13},"end":{"line":78,"column":5}},"line":46}},"branchMap":{"0":{"loc":{"start":{"line":10,"column":20},"end":{"line":10,"column":62}},"type":"cond-expr","locations":[{"start":{"line":10,"column":40},"end":{"line":10,"column":57}},{"start":{"line":10,"column":60},"end":{"line":10,"column":62}}],"line":10},"1":{"loc":{"start":{"line":11,"column":19},"end":{"line":11,"column":59}},"type":"cond-expr","locations":[{"start":{"line":11,"column":38},"end":{"line":11,"column":54}},{"start":{"line":11,"column":57},"end":{"line":11,"column":59}}],"line":11},"2":{"loc":{"start":{"line":12,"column":18},"end":{"line":12,"column":56}},"type":"cond-expr","locations":[{"start":{"line":12,"column":36},"end":{"line":12,"column":51}},{"start":{"line":12,"column":54},"end":{"line":12,"column":56}}],"line":12},"3":{"loc":{"start":{"line":15,"column":18},"end":{"line":15,"column":54}},"type":"cond-expr","locations":[{"start":{"line":15,"column":34},"end":{"line":15,"column":47}},{"start":{"line":15,"column":50},"end":{"line":15,"column":54}}],"line":15},"4":{"loc":{"start":{"line":27,"column":8},"end":{"line":31,"column":9}},"type":"if","locations":[{"start":{"line":27,"column":8},"end":{"line":31,"column":9}},{"start":{"line":27,"column":8},"end":{"line":31,"column":9}}],"line":27}},"s":{"0":0,"1":0,"2":0,"3":0,"4":0,"5":0,"6":0,"7":0,"8":0,"9":0,"10":0,"11":0,"12":0,"13":0,"14":0,"15":0},"f":{"0":0,"1":0,"2":0,"3":0,"4":0,"5":0},"b":{"0":[0,0],"1":[0,0],"2":[0,0],"3":[0,0],"4":[0,0]},"hash":"806d84a9c04b966d22ce89f4fbef24fc2a580a32"}
,"C:\\Users\\Tharin\\Desktop\\pg6301_web_development_mock_exam\\src\\client\\components\\chat.jsx": {"path":"C:\\Users\\Tharin\\Desktop\\pg6301_web_development_mock_exam\\src\\client\\components\\chat.jsx","statementMap":{"0":{"start":{"line":2,"column":18},"end":{"line":2,"column":31}},"1":{"start":{"line":8,"column":8},"end":{"line":8,"column":21}},"2":{"start":{"line":10,"column":8},"end":{"line":15,"column":10}},"3":{"start":{"line":20,"column":8},"end":{"line":20,"column":29}},"4":{"start":{"line":22,"column":8},"end":{"line":22,"column":68}},"5":{"start":{"line":23,"column":8},"end":{"line":36,"column":11}},"6":{"start":{"line":25,"column":24},"end":{"line":25,"column":46}},"7":{"start":{"line":27,"column":12},"end":{"line":35,"column":14}},"8":{"start":{"line":29,"column":20},"end":{"line":33,"column":21}},"9":{"start":{"line":30,"column":24},"end":{"line":30,"column":49}},"10":{"start":{"line":32,"column":24},"end":{"line":32,"column":67}},"11":{"start":{"line":41,"column":8},"end":{"line":43,"column":9}},"12":{"start":{"line":42,"column":12},"end":{"line":42,"column":32}},"13":{"start":{"line":44,"column":8},"end":{"line":44,"column":32}},"14":{"start":{"line":48,"column":19},"end":{"line":50,"column":5}},"15":{"start":{"line":49,"column":8},"end":{"line":49,"column":50}},"16":{"start":{"line":52,"column":19},"end":{"line":54,"column":5}},"17":{"start":{"line":53,"column":8},"end":{"line":53,"column":50}},"18":{"start":{"line":56,"column":14},"end":{"line":84,"column":5}},"19":{"start":{"line":58,"column":20},"end":{"line":58,"column":35}},"20":{"start":{"line":60,"column":24},"end":{"line":60,"column":72}},"21":{"start":{"line":64,"column":8},"end":{"line":75,"column":9}},"22":{"start":{"line":65,"column":12},"end":{"line":71,"column":15}},"23":{"start":{"line":73,"column":12},"end":{"line":73,"column":57}},"24":{"start":{"line":74,"column":12},"end":{"line":74,"column":19}},"25":{"start":{"line":77,"column":8},"end":{"line":80,"column":9}},"26":{"start":{"line":78,"column":12},"end":{"line":78,"column":85}},"27":{"start":{"line":79,"column":12},"end":{"line":79,"column":19}},"28":{"start":{"line":83,"column":8},"end":{"line":83,"column":34}},"29":{"start":{"line":86,"column":20},"end":{"line":121,"column":5}},"30":{"start":{"line":88,"column":20},"end":{"line":88,"column":22}},"31":{"start":{"line":89,"column":8},"end":{"line":91,"column":9}},"32":{"start":{"line":90,"column":12},"end":{"line":90,"column":80}},"33":{"start":{"line":90,"column":73},"end":{"line":90,"column":77}},"34":{"start":{"line":93,"column":20},"end":{"line":93,"column":43}},"35":{"start":{"line":98,"column":8},"end":{"line":104,"column":9}},"36":{"start":{"line":99,"column":12},"end":{"line":99,"column":40}},"37":{"start":{"line":100,"column":12},"end":{"line":100,"column":44}},"38":{"start":{"line":102,"column":12},"end":{"line":102,"column":57}},"39":{"start":{"line":103,"column":12},"end":{"line":103,"column":19}},"40":{"start":{"line":106,"column":8},"end":{"line":120,"column":9}},"41":{"start":{"line":108,"column":12},"end":{"line":116,"column":14}},"42":{"start":{"line":110,"column":20},"end":{"line":114,"column":21}},"43":{"start":{"line":111,"column":24},"end":{"line":111,"column":51}},"44":{"start":{"line":113,"column":24},"end":{"line":113,"column":73}},"45":{"start":{"line":119,"column":12},"end":{"line":119,"column":85}},"46":{"start":{"line":127,"column":23},"end":{"line":127,"column":34}},"47":{"start":{"line":129,"column":8},"end":{"line":135,"column":9}},"48":{"start":{"line":130,"column":12},"end":{"line":134,"column":18}},"49":{"start":{"line":132,"column":20},"end":{"line":132,"column":95}},"50":{"start":{"line":138,"column":8},"end":{"line":169,"column":10}}},"fnMap":{"0":{
  "name":"(anonymous_0)","decl":{"start":{"line":7,"column":4},"end":{"line":7,"column":5}},"loc":{"start":{"line":7,"column":23},"end":{"line":16,"column":5}},"line":7},"1":{
  "name":"(anonymous_1)","decl":{"start":{"line":18,"column":4},"end":{"line":18,"column":5}},"loc":{"start":{"line":18,"column":24},"end":{"line":38,"column":5}},"line":18},"2":{
  "name":"(anonymous_2)","decl":{"start":{"line":23,"column":33},"end":{"line":23,"column":34}},"loc":{"start":{"line":23,"column":42},"end":{"line":36,"column":9}},"line":23},"3":{
  "name":"(anonymous_3)","decl":{"start":{"line":28,"column":16},"end":{"line":28,"column":17}},"loc":{"start":{"line":28,"column":24},"end":{"line":34,"column":17}},"line":28},"4":{
  "name":"(anonymous_4)","decl":{"start":{"line":40,"column":4},"end":{"line":40,"column":5}},"loc":{"start":{"line":40,"column":27},"end":{"line":45,"column":5}},"line":40},"5":{
  "name":"(anonymous_5)","decl":{"start":{"line":48,"column":19},"end":{"line":48,"column":20}},"loc":{"start":{"line":48,"column":30},"end":{"line":50,"column":5}},"line":48},"6":{
  "name":"(anonymous_6)","decl":{"start":{"line":52,"column":19},"end":{"line":52,"column":20}},"loc":{"start":{"line":52,"column":30},"end":{"line":54,"column":5}},"line":52},"7":{
  "name":"(anonymous_7)","decl":{"start":{"line":56,"column":14},"end":{"line":56,"column":15}},"loc":{"start":{"line":56,"column":26},"end":{"line":84,"column":5}},"line":56},"8":{
  "name":"(anonymous_8)","decl":{"start":{"line":86,"column":20},"end":{"line":86,"column":21}},"loc":{"start":{"line":86,"column":32},"end":{"line":121,"column":5}},"line":86},"9":{
  "name":"(anonymous_9)","decl":{"start":{"line":90,"column":68},"end":{"line":90,"column":69}},"loc":{"start":{"line":90,"column":73},"end":{"line":90,"column":77}},"line":90},"10":{
  "name":"(anonymous_10)","decl":{"start":{"line":109,"column":16},"end":{"line":109,"column":17}},"loc":{"start":{"line":109,"column":24},"end":{"line":115,"column":17}},"line":109},"11":{
  "name":"(anonymous_11)","decl":{"start":{"line":123,"column":4},"end":{"line":123,"column":5}},"loc":{"start":{"line":123,"column":13},"end":{"line":170,"column":5}},"line":123},"12":{
  "name":"(anonymous_12)","decl":{"start":{"line":131,"column":41},"end":{"line":131,"column":42}},"loc":{"start":{"line":132,"column":20},"end":{"line":132,"column":95}},"line":132}},"branchMap":{"0":{"loc":{"start":{"line":29,"column":20},"end":{"line":33,"column":21}},"type":"if","locations":[{"start":{"line":29,"column":20},"end":{"line":33,"column":21}},{"start":{"line":29,"column":20},"end":{"line":33,"column":21}}],"line":29},"1":{"loc":{"start":{"line":41,"column":8},"end":{"line":43,"column":9}},"type":"if","locations":[{"start":{"line":41,"column":8},"end":{"line":43,"column":9}},{"start":{"line":41,"column":8},"end":{"line":43,"column":9}}],"line":41},"2":{"loc":{"start":{"line":77,"column":8},"end":{"line":80,"column":9}},"type":"if","locations":[{"start":{"line":77,"column":8},"end":{"line":80,"column":9}},{"start":{"line":77,"column":8},"end":{"line":80,"column":9}}],"line":77},"3":{"loc":{"start":{"line":89,"column":8},"end":{"line":91,"column":9}},"type":"if","locations":[{"start":{"line":89,"column":8},"end":{"line":91,"column":9}},{"start":{"line":89,"column":8},"end":{"line":91,"column":9}}],"line":89},"4":{"loc":{"start":{"line":89,"column":12},"end":{"line":89,"column":67}},"type":"binary-expr","locations":[{"start":{"line":89,"column":12},"end":{"line":89,"column":31}},{"start":{"line":89,"column":35},"end":{"line":89,"column":67}}],"line":89},"5":{"loc":{"start":{"line":106,"column":8},"end":{"line":120,"column":9}},"type":"if","locations":[{"start":{"line":106,"column":8},"end":{"line":120,"column":9}},{"start":{"line":106,"column":8},"end":{"line":120,"column":9}}],"line":106},"6":{"loc":{"start":{"line":110,"column":20},"end":{"line":114,"column":21}},"type":"if","locations":[{"start":{"line":110,"column":20},"end":{"line":114,"column":21}},{"start":{"line":110,"column":20},"end":{"line":114,"column":21}}],"line":110},"7":{"loc":{"start":{"line":129,"column":8},"end":{"line":135,"column":9}},"type":"if","locations":[{"start":{"line":129,"column":8},"end":{"line":135,"column":9}},{"start":{"line":129,"column":8},"end":{"line":135,"column":9}}],"line":129}},"s":{"0":1,"1":2,"2":2,"3":2,"4":2,"5":2,"6":0,"7":0,"8":0,"9":0,"10":0,"11":0,"12":0,"13":0,"14":2,"15":0,"16":2,"17":0,"18":2,"19":0,"20":0,"21":0,"22":0,"23":0,"24":0,"25":0,"26":0,"27":0,"28":0,"29":2,"30":2,"31":2,"32":0,"33":0,"34":2,"35":2,"36":2,"37":1,"38":0,"39":0,"40":1,"41":1,"42":1,"43":1,"44":0,"45":0,"46":4,"47":4,"48":2,"49":2,"50":4},"f":{"0":2,"1":2,"2":0,"3":0,"4":0,"5":0,"6":0,"7":0,"8":2,"9":0,"10":1,"11":4,"12":2},"b":{"0":[0,0],"1":[0,0],"2":[0,0],"3":[0,2],"4":[2,0],"5":[1,0],"6":[1,0],"7":[2,2]},"_coverageSchema":"43e27e138ebf9cfc5966b082cf9a028302ed4184","hash":"ab0cc8b01b47255402ee0c4a75be390b2d36ed55"}
,"C:\\Users\\Tharin\\Desktop\\pg6301_web_development_mock_exam\\src\\client\\components\\create.jsx": {"path":"C:\\Users\\Tharin\\Desktop\\pg6301_web_development_mock_exam\\src\\client\\components\\create.jsx","statementMap":{"0":{"start":{"line":7,"column":8},"end":{"line":7,"column":21}},"1":{"start":{"line":10,"column":11},"end":{"line":32,"column":5}},"2":{"start":{"line":12,"column":20},"end":{"line":12,"column":32}},"3":{"start":{"line":15,"column":24},"end":{"line":15,"column":45}},"4":{"start":{"line":19,"column":8},"end":{"line":29,"column":9}},"5":{"start":{"line":20,"column":12},"end":{"line":26,"column":15}},"6":{"start":{"line":28,"column":12},"end":{"line":28,"column":25}},"7":{"start":{"line":31,"column":8},"end":{"line":31,"column":39}},"8":{"start":{"line":37,"column":8},"end":{"line":48,"column":10}}},"fnMap":{"0":{
  "name":"(anonymous_0)","decl":{"start":{"line":6,"column":4},"end":{"line":6,"column":5}},"loc":{"start":{"line":6,"column":22},"end":{"line":8,"column":5}},"line":6},"1":{
  "name":"(anonymous_1)","decl":{"start":{"line":10,"column":11},"end":{"line":10,"column":12}},"loc":{"start":{"line":10,"column":50},"end":{"line":32,"column":5}},"line":10},"2":{
  "name":"(anonymous_2)","decl":{"start":{"line":35,"column":4},"end":{"line":35,"column":5}},"loc":{"start":{"line":35,"column":12},"end":{"line":49,"column":5}},"line":35}},"branchMap":{},"s":{"0":0,"1":0,"2":0,"3":0,"4":0,"5":0,"6":0,"7":0,"8":0},"f":{"0":0,"1":0,"2":0},"b":{},"hash":"2639b9a089b33f10e28cc604ed22196cfd52760d"}
,"C:\\Users\\Tharin\\Desktop\\pg6301_web_development_mock_exam\\src\\client\\components\\edit.jsx": {"path":"C:\\Users\\Tharin\\Desktop\\pg6301_web_development_mock_exam\\src\\client\\components\\edit.jsx","statementMap":{"0":{"start":{"line":7,"column":8},"end":{"line":7,"column":21}},"1":{"start":{"line":9,"column":8},"end":{"line":12,"column":10}},"2":{"start":{"line":14,"column":8},"end":{"line":14,"column":80}},"3":{"start":{"line":16,"column":8},"end":{"line":18,"column":9}},"4":{"start":{"line":17,"column":12},"end":{"line":17,"column":53}},"5":{"start":{"line":22,"column":8},"end":{"line":24,"column":9}},"6":{"start":{"line":23,"column":12},"end":{"line":23,"column":29}},"7":{"start":{"line":29,"column":20},"end":{"line":29,"column":47}},"8":{"start":{"line":34,"column":8},"end":{"line":44,"column":9}},"9":{"start":{"line":35,"column":12},"end":{"line":35,"column":40}},"10":{"start":{"line":36,"column":12},"end":{"line":36,"column":44}},"11":{"start":{"line":39,"column":12},"end":{"line":42,"column":15}},"12":{"start":{"line":43,"column":12},"end":{"line":43,"column":19}},"13":{"start":{"line":46,"column":8},"end":{"line":56,"column":9}},"14":{"start":{"line":47,"column":12},"end":{"line":50,"column":15}},"15":{"start":{"line":52,"column":12},"end":{"line":55,"column":15}},"16":{"start":{"line":60,"column":11},"end":{"line":81,"column":5}},"17":{"start":{"line":62,"column":20},"end":{"line":62,"column":36}},"18":{"start":{"line":64,"column":24},"end":{"line":64,"column":49}},"19":{"start":{"line":68,"column":8},"end":{"line":78,"column":9}},"20":{"start":{"line":69,"column":12},"end":{"line":75,"column":15}},"21":{"start":{"line":77,"column":12},"end":{"line":77,"column":25}},"22":{"start":{"line":80,"column":8},"end":{"line":80,"column":39}},"23":{"start":{"line":86,"column":8},"end":{"line":92,"column":9}},"24":{"start":{"line":87,"column":12},"end":{"line":91,"column":14}},"25":{"start":{"line":94,"column":8},"end":{"line":96,"column":9}},"26":{"start":{"line":95,"column":12},"end":{"line":95,"column":38}},"27":{"start":{"line":98,"column":8},"end":{"line":110,"column":10}}},"fnMap":{"0":{
  "name":"(anonymous_0)","decl":{"start":{"line":6,"column":4},"end":{"line":6,"column":5}},"loc":{"start":{"line":6,"column":22},"end":{"line":19,"column":5}},"line":6},"1":{
  "name":"(anonymous_1)","decl":{"start":{"line":21,"column":4},"end":{"line":21,"column":5}},"loc":{"start":{"line":21,"column":23},"end":{"line":25,"column":5}},"line":21},"2":{
  "name":"(anonymous_2)","decl":{"start":{"line":27,"column":4},"end":{"line":27,"column":5}},"loc":{"start":{"line":27,"column":21},"end":{"line":57,"column":5}},"line":27},"3":{
  "name":"(anonymous_3)","decl":{"start":{"line":60,"column":11},"end":{"line":60,"column":12}},"loc":{"start":{"line":60,"column":46},"end":{"line":81,"column":5}},"line":60},"4":{
  "name":"(anonymous_4)","decl":{"start":{"line":84,"column":4},"end":{"line":84,"column":5}},"loc":{"start":{"line":84,"column":12},"end":{"line":111,"column":5}},"line":84}},"branchMap":{"0":{"loc":{"start":{"line":16,"column":8},"end":{"line":18,"column":9}},"type":"if","locations":[{"start":{"line":16,"column":8},"end":{"line":18,"column":9}},{"start":{"line":16,"column":8},"end":{"line":18,"column":9}}],"line":16},"1":{"loc":{"start":{"line":22,"column":8},"end":{"line":24,"column":9}},"type":"if","locations":[{"start":{"line":22,"column":8},"end":{"line":24,"column":9}},{"start":{"line":22,"column":8},"end":{"line":24,"column":9}}],"line":22},"2":{"loc":{"start":{"line":46,"column":8},"end":{"line":56,"column":9}},"type":"if","locations":[{"start":{"line":46,"column":8},"end":{"line":56,"column":9}},{"start":{"line":46,"column":8},"end":{"line":56,"column":9}}],"line":46},"3":{"loc":{"start":{"line":86,"column":8},"end":{"line":92,"column":9}},"type":"if","locations":[{"start":{"line":86,"column":8},"end":{"line":92,"column":9}},{"start":{"line":86,"column":8},"end":{"line":92,"column":9}}],"line":86},"4":{"loc":{"start":{"line":94,"column":8},"end":{"line":96,"column":9}},"type":"if","locations":[{"start":{"line":94,"column":8},"end":{"line":96,"column":9}},{"start":{"line":94,"column":8},"end":{"line":96,"column":9}}],"line":94}},"s":{"0":0,"1":0,"2":0,"3":0,"4":0,"5":0,"6":0,"7":0,"8":0,"9":0,"10":0,"11":0,"12":0,"13":0,"14":0,"15":0,"16":0,"17":0,"18":0,"19":0,"20":0,"21":0,"22":0,"23":0,"24":0,"25":0,"26":0,"27":0},"f":{"0":0,"1":0,"2":0,"3":0,"4":0},"b":{"0":[0,0],"1":[0,0],"2":[0,0],"3":[0,0],"4":[0,0]},"hash":"9e3ebcc42b506172d06e4d1198ab0746a08fe27d"}
,"C:\\Users\\Tharin\\Desktop\\pg6301_web_development_mock_exam\\src\\client\\components\\headerbar.jsx": {"path":"C:\\Users\\Tharin\\Desktop\\pg6301_web_development_mock_exam\\src\\client\\components\\headerbar.jsx","statementMap":{"0":{"start":{"line":11,"column":8},"end":{"line":11,"column":21}},"1":{"start":{"line":14,"column":15},"end":{"line":33,"column":5}},"2":{"start":{"line":15,"column":20},"end":{"line":15,"column":33}},"3":{"start":{"line":19,"column":8},"end":{"line":24,"column":9}},"4":{"start":{"line":20,"column":12},"end":{"line":20,"column":58}},"5":{"start":{"line":22,"column":12},"end":{"line":22,"column":56}},"6":{"start":{"line":23,"column":12},"end":{"line":23,"column":19}},"7":{"start":{"line":26,"column":8},"end":{"line":29,"column":9}},"8":{"start":{"line":27,"column":12},"end":{"line":27,"column":85}},"9":{"start":{"line":28,"column":12},"end":{"line":28,"column":19}},"10":{"start":{"line":31,"column":8},"end":{"line":31,"column":44}},"11":{"start":{"line":32,"column":8},"end":{"line":32,"column":37}},"12":{"start":{"line":36,"column":8},"end":{"line":46,"column":10}},"13":{"start":{"line":50,"column":8},"end":{"line":62,"column":10}},"14":{"start":{"line":66,"column":23},"end":{"line":66,"column":40}},"15":{"start":{"line":69,"column":8},"end":{"line":73,"column":9}},"16":{"start":{"line":70,"column":12},"end":{"line":70,"column":47}},"17":{"start":{"line":72,"column":12},"end":{"line":72,"column":50}},"18":{"start":{"line":76,"column":8},"end":{"line":83,"column":9}}},"fnMap":{"0":{
  "name":"(anonymous_0)","decl":{"start":{"line":10,"column":4},"end":{"line":10,"column":5}},"loc":{"start":{"line":10,"column":23},"end":{"line":12,"column":5}},"line":10},"1":{
  "name":"(anonymous_1)","decl":{"start":{"line":14,"column":15},"end":{"line":14,"column":16}},"loc":{"start":{"line":14,"column":27},"end":{"line":33,"column":5}},"line":14},"2":{
  "name":"(anonymous_2)","decl":{"start":{"line":35,"column":4},"end":{"line":35,"column":5}},"loc":{"start":{"line":35,"column":27},"end":{"line":47,"column":5}},"line":35},"3":{
  "name":"(anonymous_3)","decl":{"start":{"line":49,"column":4},"end":{"line":49,"column":5}},"loc":{"start":{"line":49,"column":24},"end":{"line":63,"column":5}},"line":49},"4":{
  "name":"(anonymous_4)","decl":{"start":{"line":65,"column":4},"end":{"line":65,"column":5}},"loc":{"start":{"line":65,"column":13},"end":{"line":84,"column":5}},"line":65}},"branchMap":{"0":{"loc":{"start":{"line":26,"column":8},"end":{"line":29,"column":9}},"type":"if","locations":[{"start":{"line":26,"column":8},"end":{"line":29,"column":9}},{"start":{"line":26,"column":8},"end":{"line":29,"column":9}}],"line":26},"1":{"loc":{"start":{"line":69,"column":8},"end":{"line":73,"column":9}},"type":"if","locations":[{"start":{"line":69,"column":8},"end":{"line":73,"column":9}},{"start":{"line":69,"column":8},"end":{"line":73,"column":9}}],"line":69}},"s":{"0":0,"1":0,"2":0,"3":0,"4":0,"5":0,"6":0,"7":0,"8":0,"9":0,"10":0,"11":0,"12":0,"13":0,"14":0,"15":0,"16":0,"17":0,"18":0},"f":{"0":0,"1":0,"2":0,"3":0,"4":0},"b":{"0":[0,0],"1":[0,0]},"hash":"320fb8ac10fa33c7df66457020dcc48228bc34b0"}
,"C:\\Users\\Tharin\\Desktop\\pg6301_web_development_mock_exam\\src\\client\\components\\home.jsx": {"path":"C:\\Users\\Tharin\\Desktop\\pg6301_web_development_mock_exam\\src\\client\\components\\home.jsx","statementMap":{"0":{"start":{"line":8,"column":8},"end":{"line":8,"column":21}},"1":{"start":{"line":10,"column":8},"end":{"line":13,"column":10}},"2":{"start":{"line":18,"column":8},"end":{"line":18,"column":26}},"3":{"start":{"line":20,"column":8},"end":{"line":22,"column":9}},"4":{"start":{"line":21,"column":12},"end":{"line":21,"column":48}},"5":{"start":{"line":28,"column":20},"end":{"line":28,"column":32}},"6":{"start":{"line":33,"column":8},"end":{"line":43,"column":9}},"7":{"start":{"line":34,"column":12},"end":{"line":34,"column":40}},"8":{"start":{"line":35,"column":12},"end":{"line":35,"column":44}},"9":{"start":{"line":38,"column":12},"end":{"line":41,"column":15}},"10":{"start":{"line":42,"column":12},"end":{"line":42,"column":19}},"11":{"start":{"line":45,"column":8},"end":{"line":55,"column":9}},"12":{"start":{"line":46,"column":12},"end":{"line":49,"column":15}},"13":{"start":{"line":51,"column":12},"end":{"line":54,"column":15}},"14":{"start":{"line":58,"column":17},"end":{"line":79,"column":5}},"15":{"start":{"line":60,"column":20},"end":{"line":60,"column":38}},"16":{"start":{"line":64,"column":8},"end":{"line":69,"column":9}},"17":{"start":{"line":65,"column":12},"end":{"line":65,"column":60}},"18":{"start":{"line":67,"column":12},"end":{"line":67,"column":53}},"19":{"start":{"line":68,"column":12},"end":{"line":68,"column":25}},"20":{"start":{"line":71,"column":8},"end":{"line":74,"column":9}},"21":{"start":{"line":72,"column":12},"end":{"line":72,"column":77}},"22":{"start":{"line":73,"column":12},"end":{"line":73,"column":25}},"23":{"start":{"line":76,"column":8},"end":{"line":76,"column":26}},"24":{"start":{"line":78,"column":8},"end":{"line":78,"column":20}},"25":{"start":{"line":82,"column":21},"end":{"line":82,"column":36}},"26":{"start":{"line":83,"column":25},"end":{"line":83,"column":60}},"27":{"start":{"line":87,"column":8},"end":{"line":123,"column":9}},"28":{"start":{"line":88,"column":12},"end":{"line":88,"column":45}},"29":{"start":{"line":89,"column":15},"end":{"line":123,"column":9}},"30":{"start":{"line":90,"column":12},"end":{"line":90,"column":70}},"31":{"start":{"line":92,"column":12},"end":{"line":122,"column":18}},"32":{"start":{"line":104,"column":24},"end":{"line":118,"column":29}},"33":{"start":{"line":114,"column":70},"end":{"line":114,"column":91}},"34":{"start":{"line":125,"column":8},"end":{"line":142,"column":10}}},"fnMap":{"0":{
  "name":"(anonymous_0)","decl":{"start":{"line":7,"column":4},"end":{"line":7,"column":5}},"loc":{"start":{"line":7,"column":23},"end":{"line":14,"column":5}},"line":7},"1":{
  "name":"(anonymous_1)","decl":{"start":{"line":17,"column":4},"end":{"line":17,"column":5}},"loc":{"start":{"line":17,"column":24},"end":{"line":24,"column":5}},"line":17},"2":{
  "name":"(anonymous_2)","decl":{"start":{"line":26,"column":4},"end":{"line":26,"column":5}},"loc":{"start":{"line":26,"column":23},"end":{"line":56,"column":5}},"line":26},"3":{
  "name":"(anonymous_3)","decl":{"start":{"line":58,"column":17},"end":{"line":58,"column":18}},"loc":{"start":{"line":58,"column":31},"end":{"line":79,"column":5}},"line":58},"4":{
  "name":"(anonymous_4)","decl":{"start":{"line":81,"column":4},"end":{"line":81,"column":5}},"loc":{"start":{"line":81,"column":13},"end":{"line":143,"column":5}},"line":81},"5":{
  "name":"(anonymous_5)","decl":{"start":{"line":103,"column":42},"end":{"line":103,"column":43}},"loc":{"start":{"line":104,"column":24},"end":{"line":118,"column":29}},"line":104},"6":{
  "name":"(anonymous_6)","decl":{"start":{"line":114,"column":65},"end":{"line":114,"column":66}},"loc":{"start":{"line":114,"column":70},"end":{"line":114,"column":91}},"line":114}},"branchMap":{"0":{"loc":{"start":{"line":20,"column":8},"end":{"line":22,"column":9}},"type":"if","locations":[{"start":{"line":20,"column":8},"end":{"line":22,"column":9}},{"start":{"line":20,"column":8},"end":{"line":22,"column":9}}],"line":20},"1":{"loc":{"start":{"line":45,"column":8},"end":{"line":55,"column":9}},"type":"if","locations":[{"start":{"line":45,"column":8},"end":{"line":55,"column":9}},{"start":{"line":45,"column":8},"end":{"line":55,"column":9}}],"line":45},"2":{"loc":{"start":{"line":71,"column":8},"end":{"line":74,"column":9}},"type":"if","locations":[{"start":{"line":71,"column":8},"end":{"line":74,"column":9}},{"start":{"line":71,"column":8},"end":{"line":74,"column":9}}],"line":71},"3":{"loc":{"start":{"line":83,"column":25},"end":{"line":83,"column":60}},"type":"binary-expr","locations":[{"start":{"line":83,"column":25},"end":{"line":83,"column":38}},{"start":{"line":83,"column":42},"end":{"line":83,"column":60}}],"line":83},"4":{"loc":{"start":{"line":87,"column":8},"end":{"line":123,"column":9}},"type":"if","locations":[{"start":{"line":87,"column":8},"end":{"line":123,"column":9}},{"start":{"line":87,"column":8},"end":{"line":123,"column":9}}],"line":87},"5":{"loc":{"start":{"line":89,"column":15},"end":{"line":123,"column":9}},"type":"if","locations":[{"start":{"line":89,"column":15},"end":{"line":123,"column":9}},{"start":{"line":89,"column":15},"end":{"line":123,"column":9}}],"line":89},"6":{"loc":{"start":{"line":89,"column":19},"end":{"line":89,"column":77}},"type":"binary-expr","locations":[{"start":{"line":89,"column":19},"end":{"line":89,"column":44}},{"start":{"line":89,"column":48},"end":{"line":89,"column":77}}],"line":89},"7":{"loc":{"start":{"line":130,"column":17},"end":{"line":138,"column":17}},"type":"cond-expr","locations":[{"start":{"line":131,"column":20},"end":{"line":135,"column":26}},{"start":{"line":137,"column":20},"end":{"line":137,"column":67}}],"line":130}},"s":{"0":2,"1":2,"2":2,"3":2,"4":0,"5":2,"6":2,"7":2,"8":1,"9":0,"10":0,"11":1,"12":1,"13":0,"14":2,"15":0,"16":0,"17":0,"18":0,"19":0,"20":0,"21":0,"22":0,"23":0,"24":0,"25":3,"26":3,"27":3,"28":0,"29":3,"30":2,"31":1,"32":1,"33":0,"34":3},"f":{"0":2,"1":2,"2":2,"3":0,"4":3,"5":1,"6":0},"b":{"0":[0,2],"1":[1,0],"2":[0,0],"3":[3,3],"4":[0,3],"5":[2,1],"6":[3,1],"7":[0,3]},"_coverageSchema":"43e27e138ebf9cfc5966b082cf9a028302ed4184","hash":"c6a4d71d530421135585170a6c7d4ca6108cc73d"}
,"C:\\Users\\Tharin\\Desktop\\pg6301_web_development_mock_exam\\src\\client\\components\\index.jsx": {"path":"C:\\Users\\Tharin\\Desktop\\pg6301_web_development_mock_exam\\src\\client\\components\\index.jsx","statementMap":{"0":{"start":{"line":16,"column":8},"end":{"line":16,"column":21}},"1":{"start":{"line":18,"column":8},"end":{"line":20,"column":10}},"2":{"start":{"line":24,"column":8},"end":{"line":24,"column":38}},"3":{"start":{"line":27,"column":29},"end":{"line":55,"column":5}},"4":{"start":{"line":29,"column":20},"end":{"line":29,"column":31}},"5":{"start":{"line":33,"column":8},"end":{"line":40,"column":9}},"6":{"start":{"line":34,"column":12},"end":{"line":36,"column":15}},"7":{"start":{"line":38,"column":12},"end":{"line":38,"column":77}},"8":{"start":{"line":39,"column":12},"end":{"line":39,"column":19}},"9":{"start":{"line":43,"column":8},"end":{"line":47,"column":9}},"10":{"start":{"line":45,"column":12},"end":{"line":45,"column":42}},"11":{"start":{"line":46,"column":12},"end":{"line":46,"column":19}},"12":{"start":{"line":49,"column":8},"end":{"line":54,"column":9}},"13":{"start":{"line":52,"column":28},"end":{"line":52,"column":49}},"14":{"start":{"line":53,"column":12},"end":{"line":53,"column":45}},"15":{"start":{"line":57,"column":25},"end":{"line":59,"column":5}},"16":{"start":{"line":58,"column":8},"end":{"line":58,"column":36}},"17":{"start":{"line":62,"column":19},"end":{"line":62,"column":62}},"18":{"start":{"line":64,"column":8},"end":{"line":95,"column":10}},"19":{"start":{"line":70,"column":48},"end":{"line":74,"column":33}},"20":{"start":{"line":76,"column":48},"end":{"line":80,"column":33}},"21":{"start":{"line":82,"column":48},"end":{"line":83,"column":109}},"22":{"start":{"line":85,"column":48},"end":{"line":86,"column":110}},"23":{"start":{"line":88,"column":48},"end":{"line":90,"column":108}},"24":{"start":{"line":115,"column":0},"end":{"line":115,"column":57}}},"fnMap":{"0":{
  "name":"(anonymous_0)","decl":{"start":{"line":15,"column":4},"end":{"line":15,"column":5}},"loc":{"start":{"line":15,"column":23},"end":{"line":21,"column":5}},"line":15},"1":{
  "name":"(anonymous_1)","decl":{"start":{"line":23,"column":4},"end":{"line":23,"column":5}},"loc":{"start":{"line":23,"column":24},"end":{"line":25,"column":5}},"line":23},"2":{
  "name":"(anonymous_2)","decl":{"start":{"line":27,"column":29},"end":{"line":27,"column":30}},"loc":{"start":{"line":27,"column":41},"end":{"line":55,"column":5}},"line":27},"3":{
  "name":"(anonymous_3)","decl":{"start":{"line":57,"column":25},"end":{"line":57,"column":26}},"loc":{"start":{"line":57,"column":35},"end":{"line":59,"column":5}},"line":57},"4":{
  "name":"(anonymous_4)","decl":{"start":{"line":61,"column":4},"end":{"line":61,"column":5}},"loc":{"start":{"line":61,"column":13},"end":{"line":96,"column":5}},"line":61},"5":{
  "name":"(anonymous_5)","decl":{"start":{"line":70,"column":39},"end":{"line":70,"column":40}},"loc":{"start":{"line":70,"column":48},"end":{"line":74,"column":33}},"line":70},"6":{
  "name":"(anonymous_6)","decl":{"start":{"line":76,"column":39},"end":{"line":76,"column":40}},"loc":{"start":{"line":76,"column":48},"end":{"line":80,"column":33}},"line":76},"7":{
  "name":"(anonymous_7)","decl":{"start":{"line":82,"column":39},"end":{"line":82,"column":40}},"loc":{"start":{"line":82,"column":48},"end":{"line":83,"column":109}},"line":82},"8":{
  "name":"(anonymous_8)","decl":{"start":{"line":85,"column":39},"end":{"line":85,"column":40}},"loc":{"start":{"line":85,"column":48},"end":{"line":86,"column":110}},"line":85},"9":{
  "name":"(anonymous_9)","decl":{"start":{"line":88,"column":39},"end":{"line":88,"column":40}},"loc":{"start":{"line":88,"column":48},"end":{"line":90,"column":108}},"line":88}},"branchMap":{"0":{"loc":{"start":{"line":43,"column":8},"end":{"line":47,"column":9}},"type":"if","locations":[{"start":{"line":43,"column":8},"end":{"line":47,"column":9}},{"start":{"line":43,"column":8},"end":{"line":47,"column":9}}],"line":43},"1":{"loc":{"start":{"line":49,"column":8},"end":{"line":54,"column":9}},"type":"if","locations":[{"start":{"line":49,"column":8},"end":{"line":54,"column":9}},{"start":{"line":49,"column":8},"end":{"line":54,"column":9}}],"line":49},"2":{"loc":{"start":{"line":62,"column":19},"end":{"line":62,"column":62}},"type":"cond-expr","locations":[{"start":{"line":62,"column":37},"end":{"line":62,"column":55}},{"start":{"line":62,"column":58},"end":{"line":62,"column":62}}],"line":62}},"s":{"0":0,"1":0,"2":0,"3":0,"4":0,"5":0,"6":0,"7":0,"8":0,"9":0,"10":0,"11":0,"12":0,"13":0,"14":0,"15":0,"16":0,"17":0,"18":0,"19":0,"20":0,"21":0,"22":0,"23":0,"24":0},"f":{"0":0,"1":0,"2":0,"3":0,"4":0,"5":0,"6":0,"7":0,"8":0,"9":0},"b":{"0":[0,0],"1":[0,0],"2":[0,0]},"hash":"d5d44db5091f97042336961e0c527007e4ad848b"}
,"C:\\Users\\Tharin\\Desktop\\pg6301_web_development_mock_exam\\src\\client\\components\\login.jsx": {"path":"C:\\Users\\Tharin\\Desktop\\pg6301_web_development_mock_exam\\src\\client\\components\\login.jsx","statementMap":{"0":{"start":{"line":7,"column":8},"end":{"line":7,"column":21}},"1":{"start":{"line":9,"column":8},"end":{"line":13,"column":10}},"2":{"start":{"line":16,"column":21},"end":{"line":18,"column":5}},"3":{"start":{"line":17,"column":8},"end":{"line":17,"column":52}},"4":{"start":{"line":20,"column":23},"end":{"line":22,"column":5}},"5":{"start":{"line":21,"column":8},"end":{"line":21,"column":54}},"6":{"start":{"line":24,"column":14},"end":{"line":62,"column":5}},"7":{"start":{"line":25,"column":37},"end":{"line":25,"column":47}},"8":{"start":{"line":27,"column":20},"end":{"line":27,"column":32}},"9":{"start":{"line":29,"column":24},"end":{"line":29,"column":62}},"10":{"start":{"line":33,"column":8},"end":{"line":44,"column":9}},"11":{"start":{"line":34,"column":12},"end":{"line":40,"column":15}},"12":{"start":{"line":42,"column":12},"end":{"line":42,"column":79}},"13":{"start":{"line":43,"column":12},"end":{"line":43,"column":19}},"14":{"start":{"line":46,"column":8},"end":{"line":49,"column":9}},"15":{"start":{"line":47,"column":12},"end":{"line":47,"column":67}},"16":{"start":{"line":48,"column":12},"end":{"line":48,"column":19}},"17":{"start":{"line":51,"column":8},"end":{"line":57,"column":9}},"18":{"start":{"line":52,"column":12},"end":{"line":55,"column":15}},"19":{"start":{"line":56,"column":12},"end":{"line":56,"column":19}},"20":{"start":{"line":59,"column":8},"end":{"line":59,"column":42}},"21":{"start":{"line":60,"column":8},"end":{"line":60,"column":50}},"22":{"start":{"line":61,"column":8},"end":{"line":61,"column":37}},"23":{"start":{"line":65,"column":20},"end":{"line":65,"column":31}},"24":{"start":{"line":66,"column":8},"end":{"line":72,"column":9}},"25":{"start":{"line":67,"column":12},"end":{"line":71,"column":14}},"26":{"start":{"line":74,"column":8},"end":{"line":102,"column":10}}},"fnMap":{"0":{
  "name":"(anonymous_0)","decl":{"start":{"line":6,"column":4},"end":{"line":6,"column":5}},"loc":{"start":{"line":6,"column":23},"end":{"line":14,"column":5}},"line":6},"1":{
  "name":"(anonymous_1)","decl":{"start":{"line":16,"column":21},"end":{"line":16,"column":22}},"loc":{"start":{"line":16,"column":30},"end":{"line":18,"column":5}},"line":16},"2":{
  "name":"(anonymous_2)","decl":{"start":{"line":20,"column":23},"end":{"line":20,"column":24}},"loc":{"start":{"line":20,"column":32},"end":{"line":22,"column":5}},"line":20},"3":{
  "name":"(anonymous_3)","decl":{"start":{"line":24,"column":14},"end":{"line":24,"column":15}},"loc":{"start":{"line":24,"column":26},"end":{"line":62,"column":5}},"line":24},"4":{
  "name":"(anonymous_4)","decl":{"start":{"line":64,"column":4},"end":{"line":64,"column":5}},"loc":{"start":{"line":64,"column":13},"end":{"line":103,"column":5}},"line":64}},"branchMap":{"0":{"loc":{"start":{"line":46,"column":8},"end":{"line":49,"column":9}},"type":"if","locations":[{"start":{"line":46,"column":8},"end":{"line":49,"column":9}},{"start":{"line":46,"column":8},"end":{"line":49,"column":9}}],"line":46},"1":{"loc":{"start":{"line":51,"column":8},"end":{"line":57,"column":9}},"type":"if","locations":[{"start":{"line":51,"column":8},"end":{"line":57,"column":9}},{"start":{"line":51,"column":8},"end":{"line":57,"column":9}}],"line":51},"2":{"loc":{"start":{"line":66,"column":8},"end":{"line":72,"column":9}},"type":"if","locations":[{"start":{"line":66,"column":8},"end":{"line":72,"column":9}},{"start":{"line":66,"column":8},"end":{"line":72,"column":9}}],"line":66}},"s":{"0":0,"1":0,"2":0,"3":0,"4":0,"5":0,"6":0,"7":0,"8":0,"9":0,"10":0,"11":0,"12":0,"13":0,"14":0,"15":0,"16":0,"17":0,"18":0,"19":0,"20":0,"21":0,"22":0,"23":0,"24":0,"25":0,"26":0},"f":{"0":0,"1":0,"2":0,"3":0,"4":0},"b":{"0":[0,0],"1":[0,0],"2":[0,0]},"hash":"6a16893c91d3aec9c6b2d20ebb041bbee029bbcd"}
,"C:\\Users\\Tharin\\Desktop\\pg6301_web_development_mock_exam\\src\\client\\components\\not_found.jsx": {"path":"C:\\Users\\Tharin\\Desktop\\pg6301_web_development_mock_exam\\src\\client\\components\\not_found.jsx","statementMap":{"0":{"start":{"line":3,"column":24},"end":{"line":14,"column":1}},"1":{"start":{"line":5,"column":4},"end":{"line":12,"column":6}}},"fnMap":{"0":{
  "name":"(anonymous_0)","decl":{"start":{"line":3,"column":24},"end":{"line":3,"column":25}},"loc":{"start":{"line":3,"column":29},"end":{"line":14,"column":1}},"line":3}},"branchMap":{},"s":{"0":0,"1":0},"f":{"0":0},"b":{},"hash":"3bd8d8d11fb2f7ae8cafb0544ee39712f5ab94d3"}
,"C:\\Users\\Tharin\\Desktop\\pg6301_web_development_mock_exam\\src\\client\\components\\signup.jsx": {"path":"C:\\Users\\Tharin\\Desktop\\pg6301_web_development_mock_exam\\src\\client\\components\\signup.jsx","statementMap":{"0":{"start":{"line":6,"column":8},"end":{"line":6,"column":21}},"1":{"start":{"line":8,"column":8},"end":{"line":13,"column":10}},"2":{"start":{"line":16,"column":21},"end":{"line":18,"column":5}},"3":{"start":{"line":17,"column":8},"end":{"line":17,"column":70}},"4":{"start":{"line":20,"column":23},"end":{"line":22,"column":5}},"5":{"start":{"line":21,"column":8},"end":{"line":21,"column":72}},"6":{"start":{"line":24,"column":22},"end":{"line":26,"column":5}},"7":{"start":{"line":25,"column":8},"end":{"line":25,"column":71}},"8":{"start":{"line":28,"column":15},"end":{"line":71,"column":5}},"9":{"start":{"line":29,"column":46},"end":{"line":29,"column":56}},"10":{"start":{"line":31,"column":8},"end":{"line":34,"column":9}},"11":{"start":{"line":32,"column":12},"end":{"line":32,"column":66}},"12":{"start":{"line":33,"column":12},"end":{"line":33,"column":19}},"13":{"start":{"line":36,"column":20},"end":{"line":36,"column":33}},"14":{"start":{"line":38,"column":24},"end":{"line":38,"column":62}},"15":{"start":{"line":42,"column":8},"end":{"line":53,"column":9}},"16":{"start":{"line":43,"column":12},"end":{"line":49,"column":15}},"17":{"start":{"line":51,"column":12},"end":{"line":51,"column":79}},"18":{"start":{"line":52,"column":12},"end":{"line":52,"column":19}},"19":{"start":{"line":55,"column":8},"end":{"line":58,"column":9}},"20":{"start":{"line":56,"column":12},"end":{"line":56,"column":67}},"21":{"start":{"line":57,"column":12},"end":{"line":57,"column":19}},"22":{"start":{"line":60,"column":8},"end":{"line":66,"column":9}},"23":{"start":{"line":61,"column":12},"end":{"line":64,"column":15}},"24":{"start":{"line":65,"column":12},"end":{"line":65,"column":19}},"25":{"start":{"line":68,"column":8},"end":{"line":68,"column":42}},"26":{"start":{"line":69,"column":8},"end":{"line":69,"column":50}},"27":{"start":{"line":70,"column":8},"end":{"line":70,"column":37}},"28":{"start":{"line":74,"column":20},"end":{"line":74,"column":31}},"29":{"start":{"line":75,"column":8},"end":{"line":81,"column":9}},"30":{"start":{"line":76,"column":12},"end":{"line":80,"column":14}},"31":{"start":{"line":83,"column":25},"end":{"line":83,"column":29}},"32":{"start":{"line":84,"column":8},"end":{"line":86,"column":9}},"33":{"start":{"line":85,"column":12},"end":{"line":85,"column":40}},"34":{"start":{"line":88,"column":8},"end":{"line":122,"column":10}}},"fnMap":{"0":{
  "name":"(anonymous_0)","decl":{"start":{"line":5,"column":4},"end":{"line":5,"column":5}},"loc":{"start":{"line":5,"column":23},"end":{"line":14,"column":5}},"line":5},"1":{
  "name":"(anonymous_1)","decl":{"start":{"line":16,"column":21},"end":{"line":16,"column":22}},"loc":{"start":{"line":16,"column":30},"end":{"line":18,"column":5}},"line":16},"2":{
  "name":"(anonymous_2)","decl":{"start":{"line":20,"column":23},"end":{"line":20,"column":24}},"loc":{"start":{"line":20,"column":32},"end":{"line":22,"column":5}},"line":20},"3":{
  "name":"(anonymous_3)","decl":{"start":{"line":24,"column":22},"end":{"line":24,"column":23}},"loc":{"start":{"line":24,"column":31},"end":{"line":26,"column":5}},"line":24},"4":{
  "name":"(anonymous_4)","decl":{"start":{"line":28,"column":15},"end":{"line":28,"column":16}},"loc":{"start":{"line":28,"column":27},"end":{"line":71,"column":5}},"line":28},"5":{
  "name":"(anonymous_5)","decl":{"start":{"line":73,"column":4},"end":{"line":73,"column":5}},"loc":{"start":{"line":73,"column":13},"end":{"line":123,"column":5}},"line":73}},"branchMap":{"0":{"loc":{"start":{"line":31,"column":8},"end":{"line":34,"column":9}},"type":"if","locations":[{"start":{"line":31,"column":8},"end":{"line":34,"column":9}},{"start":{"line":31,"column":8},"end":{"line":34,"column":9}}],"line":31},"1":{"loc":{"start":{"line":55,"column":8},"end":{"line":58,"column":9}},"type":"if","locations":[{"start":{"line":55,"column":8},"end":{"line":58,"column":9}},{"start":{"line":55,"column":8},"end":{"line":58,"column":9}}],"line":55},"2":{"loc":{"start":{"line":60,"column":8},"end":{"line":66,"column":9}},"type":"if","locations":[{"start":{"line":60,"column":8},"end":{"line":66,"column":9}},{"start":{"line":60,"column":8},"end":{"line":66,"column":9}}],"line":60},"3":{"loc":{"start":{"line":75,"column":8},"end":{"line":81,"column":9}},"type":"if","locations":[{"start":{"line":75,"column":8},"end":{"line":81,"column":9}},{"start":{"line":75,"column":8},"end":{"line":81,"column":9}}],"line":75},"4":{"loc":{"start":{"line":84,"column":8},"end":{"line":86,"column":9}},"type":"if","locations":[{"start":{"line":84,"column":8},"end":{"line":86,"column":9}},{"start":{"line":84,"column":8},"end":{"line":86,"column":9}}],"line":84}},"s":{"0":0,"1":0,"2":0,"3":0,"4":0,"5":0,"6":0,"7":0,"8":0,"9":0,"10":0,"11":0,"12":0,"13":0,"14":0,"15":0,"16":0,"17":0,"18":0,"19":0,"20":0,"21":0,"22":0,"23":0,"24":0,"25":0,"26":0,"27":0,"28":0,"29":0,"30":0,"31":0,"32":0,"33":0,"34":0},"f":{"0":0,"1":0,"2":0,"3":0,"4":0,"5":0},"b":{"0":[0,0],"1":[0,0],"2":[0,0],"3":[0,0],"4":[0,0]},"hash":"e1b9dfd6ae7c689353bab935073c09062652d17c"}
,"C:\\Users\\Tharin\\Desktop\\pg6301_web_development_mock_exam\\src\\server\\app.js": {"path":"C:\\Users\\Tharin\\Desktop\\pg6301_web_development_mock_exam\\src\\server\\app.js","statementMap":{"0":{"start":{"line":3,"column":16},"end":{"line":3,"column":34}},"1":{"start":{"line":4,"column":19},"end":{"line":4,"column":41}},"2":{"start":{"line":5,"column":13},"end":{"line":5,"column":28}},"3":{"start":{"line":6,"column":17},"end":{"line":6,"column":36}},"4":{"start":{"line":7,"column":16},"end":{"line":7,"column":42}},"5":{"start":{"line":8,"column":22},"end":{"line":8,"column":56}},"6":{"start":{"line":10,"column":17},"end":{"line":10,"column":46}},"7":{"start":{"line":11,"column":16},"end":{"line":11,"column":44}},"8":{"start":{"line":12,"column":14},"end":{"line":12,"column":35}},"9":{"start":{"line":14,"column":12},"end":{"line":14,"column":21}},"10":{"start":{"line":16,"column":12},"end":{"line":16,"column":38}},"11":{"start":{"line":17,"column":11},"end":{"line":17,"column":24}},"12":{"start":{"line":20,"column":0},"end":{"line":20,"column":27}},"13":{"start":{"line":23,"column":0},"end":{"line":23,"column":49}},"14":{"start":{"line":32,"column":0},"end":{"line":36,"column":4}},"15":{"start":{"line":41,"column":0},"end":{"line":57,"column":3}},"16":{"start":{"line":48,"column":19},"end":{"line":48,"column":53}},"17":{"start":{"line":50,"column":8},"end":{"line":52,"column":9}},"18":{"start":{"line":51,"column":12},"end":{"line":51,"column":77}},"19":{"start":{"line":54,"column":21},"end":{"line":54,"column":42}},"20":{"start":{"line":55,"column":8},"end":{"line":55,"column":32}},"21":{"start":{"line":63,"column":0},"end":{"line":65,"column":3}},"22":{"start":{"line":64,"column":3},"end":{"line":64,"column":22}},"23":{"start":{"line":67,"column":0},"end":{"line":76,"column":3}},"24":{"start":{"line":69,"column":17},"end":{"line":69,"column":34}},"25":{"start":{"line":71,"column":4},"end":{"line":75,"column":5}},"26":{"start":{"line":72,"column":8},"end":{"line":72,"column":25}},"27":{"start":{"line":74,"column":8},"end":{"line":74,"column":26}},"28":{"start":{"line":80,"column":14},"end":{"line":80,"column":15}},"29":{"start":{"line":82,"column":17},"end":{"line":82,"column":19}},"30":{"start":{"line":85,"column":0},"end":{"line":96,"column":3}},"31":{"start":{"line":87,"column":18},"end":{"line":87,"column":36}},"32":{"start":{"line":89,"column":17},"end":{"line":89,"column":25}},"33":{"start":{"line":91,"column":4},"end":{"line":95,"column":5}},"34":{"start":{"line":92,"column":8},"end":{"line":92,"column":49}},"35":{"start":{"line":92,"column":34},"end":{"line":92,"column":46}},"36":{"start":{"line":94,"column":8},"end":{"line":94,"column":23}},"37":{"start":{"line":99,"column":0},"end":{"line":124,"column":3}},"38":{"start":{"line":101,"column":16},"end":{"line":101,"column":24}},"39":{"start":{"line":103,"column":15},"end":{"line":103,"column":24}},"40":{"start":{"line":105,"column":16},"end":{"line":105,"column":60}},"41":{"start":{"line":107,"column":4},"end":{"line":107,"column":23}},"42":{"start":{"line":109,"column":4},"end":{"line":109,"column":20}},"43":{"start":{"line":110,"column":4},"end":{"line":110,"column":15}},"44":{"start":{"line":112,"column":21},"end":{"line":112,"column":46}},"45":{"start":{"line":113,"column":4},"end":{"line":113,"column":73}},"46":{"start":{"line":115,"column":4},"end":{"line":123,"column":7}},"47":{"start":{"line":116,"column":8},"end":{"line":122,"column":9}},"48":{"start":{"line":117,"column":25},"end":{"line":117,"column":44}},"49":{"start":{"line":118,"column":12},"end":{"line":118,"column":74}},"50":{"start":{"line":119,"column":12},"end":{"line":119,"column":30}},"51":{"start":{"line":121,"column":12},"end":{"line":121,"column":44}},"52":{"start":{"line":127,"column":0},"end":{"line":129,"column":3}},"53":{"start":{"line":128,"column":4},"end":{"line":128,"column":51}},"54":{"start":{"line":134,"column":4},"end":{"line":134,"column":24}},"55":{"start":{"line":142,"column":0},"end":{"line":142,"column":31}},"56":{"start":{"line":143,"column":0},"end":{"line":143,"column":28}},"57":{"start":{"line":148,"column":0},"end":{"line":148,"column":25}},"58":{"start":{"line":149,"column":0},"end":{"line":149,"column":26}},"59":{"start":{"line":151,"column":0},"end":{"line":151,"column":34}},"60":{"start":{"line":154,"column":0},"end":{"line":156,"column":3}},"61":{"start":{"line":155,"column":4},"end":{"line":155,"column":78}},"62":{"start":{"line":160,"column":0},"end":{"line":160,"column":37}}},"fnMap":{"0":{
  "name":"(anonymous_0)","decl":{"start":{"line":46,"column":4},"end":{"line":46,"column":5}},"loc":{"start":{"line":46,"column":38},"end":{"line":56,"column":5}},"line":46},"1":{
  "name":"(anonymous_1)","decl":{"start":{"line":63,"column":23},"end":{"line":63,"column":24}},"loc":{"start":{"line":63,"column":45},"end":{"line":65,"column":1}},"line":63},"2":{
  "name":"(anonymous_2)","decl":{"start":{"line":67,"column":25},"end":{"line":67,"column":26}},"loc":{"start":{"line":67,"column":45},"end":{"line":76,"column":1}},"line":67},"3":{
  "name":"(anonymous_3)","decl":{"start":{"line":85,"column":25},"end":{"line":85,"column":26}},"loc":{"start":{"line":85,"column":39},"end":{"line":96,"column":1}},"line":85},"4":{
  "name":"(anonymous_4)","decl":{"start":{"line":92,"column":29},"end":{"line":92,"column":30}},"loc":{"start":{"line":92,"column":34},"end":{"line":92,"column":46}},"line":92},"5":{
  "name":"(anonymous_5)","decl":{"start":{"line":99,"column":26},"end":{"line":99,"column":27}},"loc":{"start":{"line":99,"column":40},"end":{"line":124,"column":1}},"line":99},"6":{
  "name":"(anonymous_6)","decl":{"start":{"line":115,"column":33},"end":{"line":115,"column":34}},"loc":{"start":{"line":115,"column":45},"end":{"line":123,"column":5}},"line":115},"7":{
  "name":"(anonymous_7)","decl":{"start":{"line":127,"column":12},"end":{"line":127,"column":13}},"loc":{"start":{"line":127,"column":30},"end":{"line":129,"column":1}},"line":127},"8":{
  "name":"clearMessages","decl":{"start":{"line":132,"column":9},"end":{"line":132,"column":22}},"loc":{"start":{"line":132,"column":24},"end":{"line":135,"column":1}},"line":132},"9":{
  "name":"(anonymous_9)","decl":{"start":{"line":154,"column":8},"end":{"line":154,"column":9}},"loc":{"start":{"line":154,"column":28},"end":{"line":156,"column":1}},"line":154}},"branchMap":{"0":{"loc":{"start":{"line":50,"column":8},"end":{"line":52,"column":9}},"type":"if","locations":[{"start":{"line":50,"column":8},"end":{"line":52,"column":9}},{"start":{"line":50,"column":8},"end":{"line":52,"column":9}}],"line":50},"1":{"loc":{"start":{"line":71,"column":4},"end":{"line":75,"column":5}},"type":"if","locations":[{"start":{"line":71,"column":4},"end":{"line":75,"column":5}},{"start":{"line":71,"column":4},"end":{"line":75,"column":5}}],"line":71},"2":{"loc":{"start":{"line":91,"column":4},"end":{"line":95,"column":5}},"type":"if","locations":[{"start":{"line":91,"column":4},"end":{"line":95,"column":5}},{"start":{"line":91,"column":4},"end":{"line":95,"column":5}}],"line":91},"3":{"loc":{"start":{"line":116,"column":8},"end":{"line":122,"column":9}},"type":"if","locations":[{"start":{"line":116,"column":8},"end":{"line":122,"column":9}},{"start":{"line":116,"column":8},"end":{"line":122,"column":9}}],"line":116}},"s":{"0":4,"1":4,"2":4,"3":4,"4":4,"5":4,"6":4,"7":4,"8":4,"9":4,"10":4,"11":4,"12":4,"13":4,"14":4,"15":4,"16":8,"17":8,"18":1,"19":7,"20":7,"21":4,"22":7,"23":4,"24":5,"25":5,"26":5,"27":0,"28":4,"29":4,"30":4,"31":5,"32":5,"33":5,"34":0,"35":0,"36":5,"37":4,"38":3,"39":3,"40":3,"41":3,"42":3,"43":3,"44":3,"45":3,"46":3,"47":3,"48":3,"49":3,"50":3,"51":0,"52":4,"53":3,"54":4,"55":4,"56":4,"57":4,"58":4,"59":4,"60":4,"61":0,"62":4},"f":{"0":8,"1":7,"2":5,"3":5,"4":0,"5":3,"6":3,"7":3,"8":4,"9":0},"b":{"0":[1,7],"1":[5,0],"2":[0,5],"3":[3,0]},"_coverageSchema":"43e27e138ebf9cfc5966b082cf9a028302ed4184","hash":"89e0a10557a7f7438f17f54b8c403ca86b08e81f"}
,"C:\\Users\\Tharin\\Desktop\\pg6301_web_development_mock_exam\\src\\server\\server.js": {"path":"C:\\Users\\Tharin\\Desktop\\pg6301_web_development_mock_exam\\src\\server\\server.js","statementMap":{"0":{"start":{"line":1,"column":12},"end":{"line":1,"column":28}},"1":{"start":{"line":2,"column":19},"end":{"line":2,"column":45}},"2":{"start":{"line":6,"column":13},"end":{"line":6,"column":37}},"3":{"start":{"line":8,"column":0},"end":{"line":11,"column":3}},"4":{"start":{"line":9,"column":4},"end":{"line":9,"column":35}},"5":{"start":{"line":10,"column":4},"end":{"line":10,"column":50}}},"fnMap":{"0":{
  "name":"(anonymous_0)","decl":{"start":{"line":8,"column":17},"end":{"line":8,"column":18}},"loc":{"start":{"line":8,"column":23},"end":{"line":11,"column":1}},"line":8}},"branchMap":{"0":{"loc":{"start":{"line":6,"column":13},"end":{"line":6,"column":37}},"type":"binary-expr","locations":[{"start":{"line":6,"column":13},"end":{"line":6,"column":29}},{"start":{"line":6,"column":33},"end":{"line":6,"column":37}}],"line":6}},"s":{"0":0,"1":0,"2":0,"3":0,"4":0,"5":0},"f":{"0":0},"b":{"0":[0,0]},"hash":"5b594fe73a2c92fa42fe19e9d1538558ef208bbd"}
,"C:\\Users\\Tharin\\Desktop\\pg6301_web_development_mock_exam\\src\\server\\db\\repository.js": {"path":"C:\\Users\\Tharin\\Desktop\\pg6301_web_development_mock_exam\\src\\server\\db\\repository.js","statementMap":{"0":{"start":{"line":7,"column":14},"end":{"line":7,"column":23}},"1":{"start":{"line":10,"column":14},"end":{"line":10,"column":15}},"2":{"start":{"line":14,"column":4},"end":{"line":14,"column":18}},"3":{"start":{"line":15,"column":4},"end":{"line":15,"column":16}},"4":{"start":{"line":17,"column":4},"end":{"line":17,"column":81}},"5":{"start":{"line":18,"column":4},"end":{"line":18,"column":69}},"6":{"start":{"line":19,"column":4},"end":{"line":19,"column":62}},"7":{"start":{"line":20,"column":4},"end":{"line":20,"column":68}},"8":{"start":{"line":21,"column":4},"end":{"line":21,"column":66}},"9":{"start":{"line":26,"column":15},"end":{"line":26,"column":27}},"10":{"start":{"line":27,"column":4},"end":{"line":27,"column":14}},"11":{"start":{"line":29,"column":17},"end":{"line":34,"column":5}},"12":{"start":{"line":36,"column":4},"end":{"line":36,"column":24}},"13":{"start":{"line":38,"column":4},"end":{"line":38,"column":14}},"14":{"start":{"line":43,"column":4},"end":{"line":43,"column":28}},"15":{"start":{"line":48,"column":4},"end":{"line":48,"column":25}},"16":{"start":{"line":53,"column":4},"end":{"line":53,"column":38}},"17":{"start":{"line":58,"column":4},"end":{"line":60,"column":5}},"18":{"start":{"line":59,"column":8},"end":{"line":59,"column":21}},"19":{"start":{"line":62,"column":4},"end":{"line":62,"column":29}},"20":{"start":{"line":63,"column":4},"end":{"line":63,"column":16}},"21":{"start":{"line":68,"column":4},"end":{"line":68,"column":54}},"22":{"start":{"line":68,"column":38},"end":{"line":68,"column":52}},"23":{"start":{"line":71,"column":0},"end":{"line":72,"column":52}}},"fnMap":{"0":{
  "name":"initWithSomeBooks","decl":{"start":{"line":12,"column":9},"end":{"line":12,"column":26}},"loc":{"start":{"line":12,"column":28},"end":{"line":22,"column":1}},"line":12},"1":{
  "name":"createNewBook","decl":{"start":{"line":24,"column":9},"end":{"line":24,"column":22}},"loc":{"start":{"line":24,"column":43},"end":{"line":39,"column":1}},"line":24},"2":{
  "name":"deleteBook","decl":{"start":{"line":41,"column":9},"end":{"line":41,"column":19}},"loc":{"start":{"line":41,"column":23},"end":{"line":44,"column":1}},"line":41},"3":{
  "name":"getBook","decl":{"start":{"line":46,"column":9},"end":{"line":46,"column":16}},"loc":{"start":{"line":46,"column":20},"end":{"line":49,"column":1}},"line":46},"4":{
  "name":"getAllBooks","decl":{"start":{"line":51,"column":9},"end":{"line":51,"column":20}},"loc":{"start":{"line":51,"column":22},"end":{"line":54,"column":1}},"line":51},"5":{
  "name":"updateBook","decl":{"start":{"line":56,"column":9},"end":{"line":56,"column":19}},"loc":{"start":{"line":56,"column":25},"end":{"line":64,"column":1}},"line":56},"6":{
  "name":"getAllBooksSince","decl":{"start":{"line":66,"column":9},"end":{"line":66,"column":25}},"loc":{"start":{"line":66,"column":31},"end":{"line":69,"column":1}},"line":66},"7":{
  "name":"(anonymous_7)","decl":{"start":{"line":68,"column":33},"end":{"line":68,"column":34}},"loc":{"start":{"line":68,"column":38},"end":{"line":68,"column":52}},"line":68}},"branchMap":{"0":{"loc":{"start":{"line":58,"column":4},"end":{"line":60,"column":5}},"type":"if","locations":[{"start":{"line":58,"column":4},"end":{"line":60,"column":5}},{"start":{"line":58,"column":4},"end":{"line":60,"column":5}}],"line":58}},"s":{"0":4,"1":4,"2":6,"3":6,"4":6,"5":6,"6":6,"7":6,"8":6,"9":32,"10":32,"11":32,"12":32,"13":32,"14":5,"15":9,"16":6,"17":1,"18":0,"19":1,"20":1,"21":0,"22":0,"23":4},"f":{"0":6,"1":32,"2":5,"3":9,"4":6,"5":1,"6":0,"7":0},"b":{"0":[0,1]},"_coverageSchema":"43e27e138ebf9cfc5966b082cf9a028302ed4184","hash":"0862a203a9d313301975f39bf5e65a8771e8dd5f"}
,"C:\\Users\\Tharin\\Desktop\\pg6301_web_development_mock_exam\\src\\server\\db\\users.js": {"path":"C:\\Users\\Tharin\\Desktop\\pg6301_web_development_mock_exam\\src\\server\\db\\users.js","statementMap":{"0":{"start":{"line":3,"column":14},"end":{"line":3,"column":23}},"1":{"start":{"line":13,"column":4},"end":{"line":13,"column":24}},"2":{"start":{"line":25,"column":17},"end":{"line":25,"column":28}},"3":{"start":{"line":27,"column":4},"end":{"line":29,"column":5}},"4":{"start":{"line":28,"column":8},"end":{"line":28,"column":21}},"5":{"start":{"line":30,"column":4},"end":{"line":30,"column":38}},"6":{"start":{"line":44,"column":4},"end":{"line":46,"column":5}},"7":{"start":{"line":45,"column":8},"end":{"line":45,"column":21}},"8":{"start":{"line":48,"column":17},"end":{"line":52,"column":5}},"9":{"start":{"line":53,"column":4},"end":{"line":53,"column":24}},"10":{"start":{"line":54,"column":4},"end":{"line":54,"column":16}},"11":{"start":{"line":58,"column":4},"end":{"line":58,"column":18}},"12":{"start":{"line":63,"column":0},"end":{"line":63,"column":66}}},"fnMap":{"0":{
  "name":"getUser","decl":{"start":{"line":11,"column":9},"end":{"line":11,"column":16}},"loc":{"start":{"line":11,"column":21},"end":{"line":14,"column":1}},"line":11},"1":{
  "name":"verifyUser","decl":{"start":{"line":23,"column":9},"end":{"line":23,"column":19}},"loc":{"start":{"line":23,"column":34},"end":{"line":31,"column":1}},"line":23},"2":{
  "name":"createUser","decl":{"start":{"line":42,"column":9},"end":{"line":42,"column":19}},"loc":{"start":{"line":42,"column":34},"end":{"line":55,"column":1}},"line":42},"3":{
  "name":"resetAllUsers","decl":{"start":{"line":57,"column":9},"end":{"line":57,"column":22}},"loc":{"start":{"line":57,"column":25},"end":{"line":59,"column":1}},"line":57}},"branchMap":{"0":{"loc":{"start":{"line":27,"column":4},"end":{"line":29,"column":5}},"type":"if","locations":[{"start":{"line":27,"column":4},"end":{"line":29,"column":5}},{"start":{"line":27,"column":4},"end":{"line":29,"column":5}}],"line":27},"1":{"loc":{"start":{"line":44,"column":4},"end":{"line":46,"column":5}},"type":"if","locations":[{"start":{"line":44,"column":4},"end":{"line":46,"column":5}},{"start":{"line":44,"column":4},"end":{"line":46,"column":5}}],"line":44}},"s":{"0":4,"1":25,"2":8,"3":8,"4":1,"5":7,"6":5,"7":0,"8":5,"9":5,"10":5,"11":2,"12":4},"f":{"0":25,"1":8,"2":5,"3":2},"b":{"0":[1,7],"1":[0,5]},"_coverageSchema":"43e27e138ebf9cfc5966b082cf9a028302ed4184","hash":"6e6f0da9526950988e78fe95261a6964e199d521"}
,"C:\\Users\\Tharin\\Desktop\\pg6301_web_development_mock_exam\\src\\server\\routes\\auth-api.js": {"path":"C:\\Users\\Tharin\\Desktop\\pg6301_web_development_mock_exam\\src\\server\\routes\\auth-api.js","statementMap":{"0":{"start":{"line":3,"column":16},"end":{"line":3,"column":34}},"1":{"start":{"line":4,"column":17},"end":{"line":4,"column":36}},"2":{"start":{"line":5,"column":15},"end":{"line":5,"column":31}},"3":{"start":{"line":7,"column":14},"end":{"line":7,"column":36}},"4":{"start":{"line":9,"column":0},"end":{"line":12,"column":3}},"5":{"start":{"line":11,"column":4},"end":{"line":11,"column":27}},"6":{"start":{"line":15,"column":0},"end":{"line":34,"column":3}},"7":{"start":{"line":17,"column":20},"end":{"line":17,"column":72}},"8":{"start":{"line":19,"column":4},"end":{"line":22,"column":5}},"9":{"start":{"line":20,"column":8},"end":{"line":20,"column":31}},"10":{"start":{"line":21,"column":8},"end":{"line":21,"column":15}},"11":{"start":{"line":24,"column":4},"end":{"line":33,"column":7}},"12":{"start":{"line":25,"column":8},"end":{"line":32,"column":11}},"13":{"start":{"line":26,"column":12},"end":{"line":31,"column":13}},"14":{"start":{"line":28,"column":16},"end":{"line":28,"column":39}},"15":{"start":{"line":30,"column":16},"end":{"line":30,"column":39}},"16":{"start":{"line":36,"column":0},"end":{"line":40,"column":3}},"17":{"start":{"line":38,"column":4},"end":{"line":38,"column":17}},"18":{"start":{"line":39,"column":4},"end":{"line":39,"column":27}},"19":{"start":{"line":46,"column":0},"end":{"line":60,"column":3}},"20":{"start":{"line":48,"column":4},"end":{"line":51,"column":5}},"21":{"start":{"line":49,"column":8},"end":{"line":49,"column":31}},"22":{"start":{"line":50,"column":8},"end":{"line":50,"column":15}},"23":{"start":{"line":53,"column":4},"end":{"line":59,"column":5}},"24":{"start":{"line":54,"column":8},"end":{"line":58,"column":11}},"25":{"start":{"line":64,"column":0},"end":{"line":64,"column":24}}},"fnMap":{"0":{
  "name":"(anonymous_0)","decl":{"start":{"line":9,"column":54},"end":{"line":9,"column":55}},"loc":{"start":{"line":9,"column":68},"end":{"line":12,"column":1}},"line":9},"1":{
  "name":"(anonymous_1)","decl":{"start":{"line":15,"column":23},"end":{"line":15,"column":24}},"loc":{"start":{"line":15,"column":43},"end":{"line":34,"column":1}},"line":15},"2":{
  "name":"(anonymous_2)","decl":{"start":{"line":24,"column":45},"end":{"line":24,"column":46}},"loc":{"start":{"line":24,"column":51},"end":{"line":33,"column":5}},"line":24},"3":{
  "name":"(anonymous_3)","decl":{"start":{"line":25,"column":25},"end":{"line":25,"column":26}},"loc":{"start":{"line":25,"column":34},"end":{"line":32,"column":9}},"line":25},"4":{
  "name":"(anonymous_4)","decl":{"start":{"line":36,"column":23},"end":{"line":36,"column":24}},"loc":{"start":{"line":36,"column":43},"end":{"line":40,"column":1}},"line":36},"5":{
  "name":"(anonymous_5)","decl":{"start":{"line":46,"column":20},"end":{"line":46,"column":21}},"loc":{"start":{"line":46,"column":34},"end":{"line":60,"column":1}},"line":46}},"branchMap":{"0":{"loc":{"start":{"line":19,"column":4},"end":{"line":22,"column":5}},"type":"if","locations":[{"start":{"line":19,"column":4},"end":{"line":22,"column":5}},{"start":{"line":19,"column":4},"end":{"line":22,"column":5}}],"line":19},"1":{"loc":{"start":{"line":26,"column":12},"end":{"line":31,"column":13}},"type":"if","locations":[{"start":{"line":26,"column":12},"end":{"line":31,"column":13}},{"start":{"line":26,"column":12},"end":{"line":31,"column":13}}],"line":26},"2":{"loc":{"start":{"line":48,"column":4},"end":{"line":51,"column":5}},"type":"if","locations":[{"start":{"line":48,"column":4},"end":{"line":51,"column":5}},{"start":{"line":48,"column":4},"end":{"line":51,"column":5}}],"line":48},"3":{"loc":{"start":{"line":53,"column":4},"end":{"line":59,"column":5}},"type":"if","locations":[{"start":{"line":53,"column":4},"end":{"line":59,"column":5}},{"start":{"line":53,"column":4},"end":{"line":59,"column":5}}],"line":53}},"s":{"0":4,"1":4,"2":4,"3":4,"4":4,"5":2,"6":4,"7":5,"8":5,"9":0,"10":0,"11":5,"12":5,"13":5,"14":0,"15":5,"16":4,"17":1,"18":1,"19":4,"20":7,"21":3,"22":3,"23":4,"24":4,"25":4},"f":{"0":2,"1":5,"2":5,"3":5,"4":1,"5":7},"b":{"0":[0,5],"1":[0,5],"2":[3,4],"3":[4,0]},"_coverageSchema":"43e27e138ebf9cfc5966b082cf9a028302ed4184","hash":"043ece1e65eda8562598e9b84995ade9cfcd2206"}
,"C:\\Users\\Tharin\\Desktop\\pg6301_web_development_mock_exam\\src\\server\\routes\\match-api.js": {"path":"C:\\Users\\Tharin\\Desktop\\pg6301_web_development_mock_exam\\src\\server\\routes\\match-api.js","statementMap":{"0":{"start":{"line":1,"column":16},"end":{"line":1,"column":34}},"1":{"start":{"line":2,"column":19},"end":{"line":2,"column":46}},"2":{"start":{"line":3,"column":15},"end":{"line":3,"column":31}},"3":{"start":{"line":5,"column":0},"end":{"line":19,"column":3}},"4":{"start":{"line":12,"column":18},"end":{"line":12,"column":36}},"5":{"start":{"line":14,"column":4},"end":{"line":18,"column":5}},"6":{"start":{"line":15,"column":8},"end":{"line":15,"column":53}},"7":{"start":{"line":17,"column":8},"end":{"line":17,"column":43}},"8":{"start":{"line":27,"column":0},"end":{"line":43,"column":3}},"9":{"start":{"line":29,"column":17},"end":{"line":29,"column":53}},"10":{"start":{"line":31,"column":4},"end":{"line":36,"column":5}},"11":{"start":{"line":32,"column":8},"end":{"line":32,"column":24}},"12":{"start":{"line":33,"column":8},"end":{"line":33,"column":18}},"13":{"start":{"line":35,"column":8},"end":{"line":35,"column":23}},"14":{"start":{"line":48,"column":0},"end":{"line":58,"column":3}},"15":{"start":{"line":50,"column":20},"end":{"line":50,"column":56}},"16":{"start":{"line":51,"column":4},"end":{"line":56,"column":5}},"17":{"start":{"line":52,"column":8},"end":{"line":52,"column":24}},"18":{"start":{"line":55,"column":8},"end":{"line":55,"column":24}},"19":{"start":{"line":57,"column":4},"end":{"line":57,"column":15}},"20":{"start":{"line":65,"column":0},"end":{"line":74,"column":3}},"21":{"start":{"line":67,"column":16},"end":{"line":67,"column":24}},"22":{"start":{"line":69,"column":15},"end":{"line":69,"column":72}},"23":{"start":{"line":71,"column":4},"end":{"line":71,"column":20}},"24":{"start":{"line":72,"column":4},"end":{"line":72,"column":47}},"25":{"start":{"line":73,"column":4},"end":{"line":73,"column":15}},"26":{"start":{"line":81,"column":0},"end":{"line":98,"column":3}},"27":{"start":{"line":83,"column":4},"end":{"line":87,"column":5}},"28":{"start":{"line":84,"column":8},"end":{"line":84,"column":24}},"29":{"start":{"line":85,"column":8},"end":{"line":85,"column":19}},"30":{"start":{"line":86,"column":8},"end":{"line":86,"column":15}},"31":{"start":{"line":89,"column":20},"end":{"line":89,"column":51}},"32":{"start":{"line":91,"column":4},"end":{"line":96,"column":5}},"33":{"start":{"line":92,"column":8},"end":{"line":92,"column":24}},"34":{"start":{"line":95,"column":8},"end":{"line":95,"column":24}},"35":{"start":{"line":97,"column":4},"end":{"line":97,"column":15}},"36":{"start":{"line":104,"column":0},"end":{"line":107,"column":3}},"37":{"start":{"line":105,"column":4},"end":{"line":105,"column":20}},"38":{"start":{"line":106,"column":4},"end":{"line":106,"column":15}},"39":{"start":{"line":109,"column":0},"end":{"line":109,"column":24}}},"fnMap":{"0":{
  "name":"(anonymous_0)","decl":{"start":{"line":5,"column":21},"end":{"line":5,"column":22}},"loc":{"start":{"line":5,"column":35},"end":{"line":19,"column":1}},"line":5},"1":{
  "name":"(anonymous_1)","decl":{"start":{"line":27,"column":25},"end":{"line":27,"column":26}},"loc":{"start":{"line":27,"column":39},"end":{"line":43,"column":1}},"line":27},"2":{
  "name":"(anonymous_2)","decl":{"start":{"line":48,"column":28},"end":{"line":48,"column":29}},"loc":{"start":{"line":48,"column":42},"end":{"line":58,"column":1}},"line":48},"3":{
  "name":"(anonymous_3)","decl":{"start":{"line":65,"column":22},"end":{"line":65,"column":23}},"loc":{"start":{"line":65,"column":36},"end":{"line":74,"column":1}},"line":65},"4":{
  "name":"(anonymous_4)","decl":{"start":{"line":81,"column":25},"end":{"line":81,"column":26}},"loc":{"start":{"line":81,"column":39},"end":{"line":98,"column":1}},"line":81},"5":{
  "name":"(anonymous_5)","decl":{"start":{"line":104,"column":20},"end":{"line":104,"column":21}},"loc":{"start":{"line":104,"column":33},"end":{"line":107,"column":1}},"line":104}},"branchMap":{"0":{"loc":{"start":{"line":14,"column":4},"end":{"line":18,"column":5}},"type":"if","locations":[{"start":{"line":14,"column":4},"end":{"line":18,"column":5}},{"start":{"line":14,"column":4},"end":{"line":18,"column":5}}],"line":14},"1":{"loc":{"start":{"line":14,"column":8},"end":{"line":14,"column":45}},"type":"binary-expr","locations":[{"start":{"line":14,"column":8},"end":{"line":14,"column":27}},{"start":{"line":14,"column":31},"end":{"line":14,"column":45}}],"line":14},"2":{"loc":{"start":{"line":31,"column":4},"end":{"line":36,"column":5}},"type":"if","locations":[{"start":{"line":31,"column":4},"end":{"line":36,"column":5}},{"start":{"line":31,"column":4},"end":{"line":36,"column":5}}],"line":31},"3":{"loc":{"start":{"line":31,"column":8},"end":{"line":31,"column":43}},"type":"binary-expr","locations":[{"start":{"line":31,"column":8},"end":{"line":31,"column":26}},{"start":{"line":31,"column":30},"end":{"line":31,"column":43}}],"line":31},"4":{"loc":{"start":{"line":51,"column":4},"end":{"line":56,"column":5}},"type":"if","locations":[{"start":{"line":51,"column":4},"end":{"line":56,"column":5}},{"start":{"line":51,"column":4},"end":{"line":56,"column":5}}],"line":51},"5":{"loc":{"start":{"line":83,"column":4},"end":{"line":87,"column":5}},"type":"if","locations":[{"start":{"line":83,"column":4},"end":{"line":87,"column":5}},{"start":{"line":83,"column":4},"end":{"line":87,"column":5}}],"line":83},"6":{"loc":{"start":{"line":91,"column":4},"end":{"line":96,"column":5}},"type":"if","locations":[{"start":{"line":91,"column":4},"end":{"line":96,"column":5}},{"start":{"line":91,"column":4},"end":{"line":96,"column":5}}],"line":91}},"s":{"0":4,"1":4,"2":4,"3":4,"4":6,"5":6,"6":0,"7":6,"8":4,"9":9,"10":9,"11":1,"12":1,"13":8,"14":4,"15":5,"16":5,"17":5,"18":0,"19":5,"20":4,"21":2,"22":2,"23":2,"24":2,"25":2,"26":4,"27":1,"28":0,"29":0,"30":0,"31":1,"32":1,"33":1,"34":0,"35":1,"36":4,"37":0,"38":0,"39":4},"f":{"0":6,"1":9,"2":5,"3":2,"4":1,"5":0},"b":{"0":[0,6],"1":[6,0],"2":[1,8],"3":[9,8],"4":[5,0],"5":[0,1],"6":[1,0]},"_coverageSchema":"43e27e138ebf9cfc5966b082cf9a028302ed4184","hash":"94e5e9fadf3b5a0e2e19343482802938c72b257e"}
}
