TN:
SF:C:\Users\Tharin\Desktop\pg6301_web_development_mock_exam\src\client\components\Item.jsx
FN:6,(anonymous_0)
FN:18,(anonymous_1)
FN:34,(anonymous_2)
FN:38,(anonymous_3)
FN:42,(anonymous_4)
FN:46,(anonymous_5)
FNF:6
FNH:0
FNDA:0,(anonymous_0)
FNDA:0,(anonymous_1)
FNDA:0,(anonymous_2)
FNDA:0,(anonymous_3)
FNDA:0,(anonymous_4)
FNDA:0,(anonymous_5)
DA:7,0
DA:9,0
DA:15,0
DA:18,0
DA:19,0
DA:21,0
DA:27,0
DA:28,0
DA:30,0
DA:34,0
DA:35,0
DA:38,0
DA:39,0
DA:42,0
DA:43,0
DA:48,0
LF:16
LH:0
BRDA:10,0,0,0
BRDA:10,0,1,0
BRDA:11,1,0,0
BRDA:11,1,1,0
BRDA:12,2,0,0
BRDA:12,2,1,0
BRDA:15,3,0,0
BRDA:15,3,1,0
BRDA:27,4,0,0
BRDA:27,4,1,0
BRF:10
BRH:0
end_of_record
TN:
SF:C:\Users\Tharin\Desktop\pg6301_web_development_mock_exam\src\client\components\chat.jsx
FN:7,(anonymous_0)
FN:18,(anonymous_1)
FN:23,(anonymous_2)
FN:28,(anonymous_3)
FN:40,(anonymous_4)
FN:48,(anonymous_5)
FN:52,(anonymous_6)
FN:56,(anonymous_7)
FN:86,(anonymous_8)
FN:90,(anonymous_9)
FN:109,(anonymous_10)
FN:123,(anonymous_11)
FN:131,(anonymous_12)
FNF:13
FNH:6
FNDA:2,(anonymous_0)
FNDA:2,(anonymous_1)
FNDA:0,(anonymous_2)
FNDA:0,(anonymous_3)
FNDA:0,(anonymous_4)
FNDA:0,(anonymous_5)
FNDA:0,(anonymous_6)
FNDA:0,(anonymous_7)
FNDA:2,(anonymous_8)
FNDA:0,(anonymous_9)
FNDA:1,(anonymous_10)
FNDA:4,(anonymous_11)
FNDA:2,(anonymous_12)
DA:2,1
DA:8,2
DA:10,2
DA:20,2
DA:22,2
DA:23,2
DA:25,0
DA:27,0
DA:29,0
DA:30,0
DA:32,0
DA:41,0
DA:42,0
DA:44,0
DA:48,2
DA:49,0
DA:52,2
DA:53,0
DA:56,2
DA:58,0
DA:60,0
DA:64,0
DA:65,0
DA:73,0
DA:74,0
DA:77,0
DA:78,0
DA:79,0
DA:83,0
DA:86,2
DA:88,2
DA:89,2
DA:90,0
DA:93,2
DA:98,2
DA:99,2
DA:100,1
DA:102,0
DA:103,0
DA:106,1
DA:108,1
DA:110,1
DA:111,1
DA:113,0
DA:119,0
DA:127,4
DA:129,4
DA:130,2
DA:132,2
DA:138,4
LF:50
LH:25
BRDA:29,0,0,0
BRDA:29,0,1,0
BRDA:41,1,0,0
BRDA:41,1,1,0
BRDA:77,2,0,0
BRDA:77,2,1,0
BRDA:89,3,0,0
BRDA:89,3,1,2
BRDA:89,4,0,2
BRDA:89,4,1,0
BRDA:106,5,0,1
BRDA:106,5,1,0
BRDA:110,6,0,1
BRDA:110,6,1,0
BRDA:129,7,0,2
BRDA:129,7,1,2
BRF:16
BRH:6
end_of_record
TN:
SF:C:\Users\Tharin\Desktop\pg6301_web_development_mock_exam\src\client\components\create.jsx
FN:6,(anonymous_0)
FN:10,(anonymous_1)
FN:35,(anonymous_2)
FNF:3
FNH:0
FNDA:0,(anonymous_0)
FNDA:0,(anonymous_1)
FNDA:0,(anonymous_2)
DA:7,0
DA:10,0
DA:12,0
DA:15,0
DA:19,0
DA:20,0
DA:28,0
DA:31,0
DA:37,0
LF:9
LH:0
BRF:0
BRH:0
end_of_record
TN:
SF:C:\Users\Tharin\Desktop\pg6301_web_development_mock_exam\src\client\components\edit.jsx
FN:6,(anonymous_0)
FN:21,(anonymous_1)
FN:27,(anonymous_2)
FN:60,(anonymous_3)
FN:84,(anonymous_4)
FNF:5
FNH:0
FNDA:0,(anonymous_0)
FNDA:0,(anonymous_1)
FNDA:0,(anonymous_2)
FNDA:0,(anonymous_3)
FNDA:0,(anonymous_4)
DA:7,0
DA:9,0
DA:14,0
DA:16,0
DA:17,0
DA:22,0
DA:23,0
DA:29,0
DA:34,0
DA:35,0
DA:36,0
DA:39,0
DA:43,0
DA:46,0
DA:47,0
DA:52,0
DA:60,0
DA:62,0
DA:64,0
DA:68,0
DA:69,0
DA:77,0
DA:80,0
DA:86,0
DA:87,0
DA:94,0
DA:95,0
DA:98,0
LF:28
LH:0
BRDA:16,0,0,0
BRDA:16,0,1,0
BRDA:22,1,0,0
BRDA:22,1,1,0
BRDA:46,2,0,0
BRDA:46,2,1,0
BRDA:86,3,0,0
BRDA:86,3,1,0
BRDA:94,4,0,0
BRDA:94,4,1,0
BRF:10
BRH:0
end_of_record
TN:
SF:C:\Users\Tharin\Desktop\pg6301_web_development_mock_exam\src\client\components\headerbar.jsx
FN:10,(anonymous_0)
FN:14,(anonymous_1)
FN:35,(anonymous_2)
FN:49,(anonymous_3)
FN:65,(anonymous_4)
FNF:5
FNH:0
FNDA:0,(anonymous_0)
FNDA:0,(anonymous_1)
FNDA:0,(anonymous_2)
FNDA:0,(anonymous_3)
FNDA:0,(anonymous_4)
DA:11,0
DA:14,0
DA:15,0
DA:19,0
DA:20,0
DA:22,0
DA:23,0
DA:26,0
DA:27,0
DA:28,0
DA:31,0
DA:32,0
DA:36,0
DA:50,0
DA:66,0
DA:69,0
DA:70,0
DA:72,0
DA:76,0
LF:19
LH:0
BRDA:26,0,0,0
BRDA:26,0,1,0
BRDA:69,1,0,0
BRDA:69,1,1,0
BRF:4
BRH:0
end_of_record
TN:
SF:C:\Users\Tharin\Desktop\pg6301_web_development_mock_exam\src\client\components\home.jsx
FN:7,(anonymous_0)
FN:17,(anonymous_1)
FN:26,(anonymous_2)
FN:58,(anonymous_3)
FN:81,(anonymous_4)
FN:103,(anonymous_5)
FN:114,(anonymous_6)
FNF:7
FNH:5
FNDA:2,(anonymous_0)
FNDA:2,(anonymous_1)
FNDA:2,(anonymous_2)
FNDA:0,(anonymous_3)
FNDA:3,(anonymous_4)
FNDA:1,(anonymous_5)
FNDA:0,(anonymous_6)
DA:8,2
DA:10,2
DA:18,2
DA:20,2
DA:21,0
DA:28,2
DA:33,2
DA:34,2
DA:35,1
DA:38,0
DA:42,0
DA:45,1
DA:46,1
DA:51,0
DA:58,2
DA:60,0
DA:64,0
DA:65,0
DA:67,0
DA:68,0
DA:71,0
DA:72,0
DA:73,0
DA:76,0
DA:78,0
DA:82,3
DA:83,3
DA:87,3
DA:88,0
DA:89,3
DA:90,2
DA:92,1
DA:104,1
DA:114,0
DA:125,3
LF:35
LH:19
BRDA:20,0,0,0
BRDA:20,0,1,2
BRDA:45,1,0,1
BRDA:45,1,1,0
BRDA:71,2,0,0
BRDA:71,2,1,0
BRDA:83,3,0,3
BRDA:83,3,1,3
BRDA:87,4,0,0
BRDA:87,4,1,3
BRDA:89,5,0,2
BRDA:89,5,1,1
BRDA:89,6,0,3
BRDA:89,6,1,1
BRDA:130,7,0,0
BRDA:130,7,1,3
BRF:16
BRH:10
end_of_record
TN:
SF:C:\Users\Tharin\Desktop\pg6301_web_development_mock_exam\src\client\components\index.jsx
FN:15,(anonymous_0)
FN:23,(anonymous_1)
FN:27,(anonymous_2)
FN:57,(anonymous_3)
FN:61,(anonymous_4)
FN:70,(anonymous_5)
FN:76,(anonymous_6)
FN:82,(anonymous_7)
FN:85,(anonymous_8)
FN:88,(anonymous_9)
FNF:10
FNH:0
FNDA:0,(anonymous_0)
FNDA:0,(anonymous_1)
FNDA:0,(anonymous_2)
FNDA:0,(anonymous_3)
FNDA:0,(anonymous_4)
FNDA:0,(anonymous_5)
FNDA:0,(anonymous_6)
FNDA:0,(anonymous_7)
FNDA:0,(anonymous_8)
FNDA:0,(anonymous_9)
DA:16,0
DA:18,0
DA:24,0
DA:27,0
DA:29,0
DA:33,0
DA:34,0
DA:38,0
DA:39,0
DA:43,0
DA:45,0
DA:46,0
DA:49,0
DA:52,0
DA:53,0
DA:57,0
DA:58,0
DA:62,0
DA:64,0
DA:70,0
DA:76,0
DA:82,0
DA:85,0
DA:88,0
DA:115,0
LF:25
LH:0
BRDA:43,0,0,0
BRDA:43,0,1,0
BRDA:49,1,0,0
BRDA:49,1,1,0
BRDA:62,2,0,0
BRDA:62,2,1,0
BRF:6
BRH:0
end_of_record
TN:
SF:C:\Users\Tharin\Desktop\pg6301_web_development_mock_exam\src\client\components\login.jsx
FN:6,(anonymous_0)
FN:16,(anonymous_1)
FN:20,(anonymous_2)
FN:24,(anonymous_3)
FN:64,(anonymous_4)
FNF:5
FNH:0
FNDA:0,(anonymous_0)
FNDA:0,(anonymous_1)
FNDA:0,(anonymous_2)
FNDA:0,(anonymous_3)
FNDA:0,(anonymous_4)
DA:7,0
DA:9,0
DA:16,0
DA:17,0
DA:20,0
DA:21,0
DA:24,0
DA:25,0
DA:27,0
DA:29,0
DA:33,0
DA:34,0
DA:42,0
DA:43,0
DA:46,0
DA:47,0
DA:48,0
DA:51,0
DA:52,0
DA:56,0
DA:59,0
DA:60,0
DA:61,0
DA:65,0
DA:66,0
DA:67,0
DA:74,0
LF:27
LH:0
BRDA:46,0,0,0
BRDA:46,0,1,0
BRDA:51,1,0,0
BRDA:51,1,1,0
BRDA:66,2,0,0
BRDA:66,2,1,0
BRF:6
BRH:0
end_of_record
TN:
SF:C:\Users\Tharin\Desktop\pg6301_web_development_mock_exam\src\client\components\not_found.jsx
FN:3,(anonymous_0)
FNF:1
FNH:0
FNDA:0,(anonymous_0)
DA:3,0
DA:5,0
LF:2
LH:0
BRF:0
BRH:0
end_of_record
TN:
SF:C:\Users\Tharin\Desktop\pg6301_web_development_mock_exam\src\client\components\signup.jsx
FN:5,(anonymous_0)
FN:16,(anonymous_1)
FN:20,(anonymous_2)
FN:24,(anonymous_3)
FN:28,(anonymous_4)
FN:73,(anonymous_5)
FNF:6
FNH:0
FNDA:0,(anonymous_0)
FNDA:0,(anonymous_1)
FNDA:0,(anonymous_2)
FNDA:0,(anonymous_3)
FNDA:0,(anonymous_4)
FNDA:0,(anonymous_5)
DA:6,0
DA:8,0
DA:16,0
DA:17,0
DA:20,0
DA:21,0
DA:24,0
DA:25,0
DA:28,0
DA:29,0
DA:31,0
DA:32,0
DA:33,0
DA:36,0
DA:38,0
DA:42,0
DA:43,0
DA:51,0
DA:52,0
DA:55,0
DA:56,0
DA:57,0
DA:60,0
DA:61,0
DA:65,0
DA:68,0
DA:69,0
DA:70,0
DA:74,0
DA:75,0
DA:76,0
DA:83,0
DA:84,0
DA:85,0
DA:88,0
LF:35
LH:0
BRDA:31,0,0,0
BRDA:31,0,1,0
BRDA:55,1,0,0
BRDA:55,1,1,0
BRDA:60,2,0,0
BRDA:60,2,1,0
BRDA:75,3,0,0
BRDA:75,3,1,0
BRDA:84,4,0,0
BRDA:84,4,1,0
BRF:10
BRH:0
end_of_record
TN:
SF:C:\Users\Tharin\Desktop\pg6301_web_development_mock_exam\src\server\app.js
FN:46,(anonymous_0)
FN:63,(anonymous_1)
FN:67,(anonymous_2)
FN:85,(anonymous_3)
FN:92,(anonymous_4)
FN:99,(anonymous_5)
FN:115,(anonymous_6)
FN:127,(anonymous_7)
FN:132,clearMessages
FN:154,(anonymous_9)
FNF:10
FNH:8
FNDA:8,(anonymous_0)
FNDA:7,(anonymous_1)
FNDA:5,(anonymous_2)
FNDA:5,(anonymous_3)
FNDA:0,(anonymous_4)
FNDA:3,(anonymous_5)
FNDA:3,(anonymous_6)
FNDA:3,(anonymous_7)
FNDA:4,clearMessages
FNDA:0,(anonymous_9)
DA:3,4
DA:4,4
DA:5,4
DA:6,4
DA:7,4
DA:8,4
DA:10,4
DA:11,4
DA:12,4
DA:14,4
DA:16,4
DA:17,4
DA:20,4
DA:23,4
DA:32,4
DA:41,4
DA:48,8
DA:50,8
DA:51,1
DA:54,7
DA:55,7
DA:63,4
DA:64,7
DA:67,4
DA:69,5
DA:71,5
DA:72,5
DA:74,0
DA:80,4
DA:82,4
DA:85,4
DA:87,5
DA:89,5
DA:91,5
DA:92,0
DA:94,5
DA:99,4
DA:101,3
DA:103,3
DA:105,3
DA:107,3
DA:109,3
DA:110,3
DA:112,3
DA:113,3
DA:115,3
DA:116,3
DA:117,3
DA:118,3
DA:119,3
DA:121,0
DA:127,4
DA:128,3
DA:134,4
DA:142,4
DA:143,4
DA:148,4
DA:149,4
DA:151,4
DA:154,4
DA:155,0
DA:160,4
LF:62
LH:58
BRDA:50,0,0,1
BRDA:50,0,1,7
BRDA:71,1,0,5
BRDA:71,1,1,0
BRDA:91,2,0,0
BRDA:91,2,1,5
BRDA:116,3,0,3
BRDA:116,3,1,0
BRF:8
BRH:5
end_of_record
TN:
SF:C:\Users\Tharin\Desktop\pg6301_web_development_mock_exam\src\server\server.js
FN:8,(anonymous_0)
FNF:1
FNH:0
FNDA:0,(anonymous_0)
DA:1,0
DA:2,0
DA:6,0
DA:8,0
DA:9,0
DA:10,0
LF:6
LH:0
BRDA:6,0,0,0
BRDA:6,0,1,0
BRF:2
BRH:0
end_of_record
TN:
SF:C:\Users\Tharin\Desktop\pg6301_web_development_mock_exam\src\server\db\repository.js
FN:12,initWithSomeBooks
FN:24,createNewBook
FN:41,deleteBook
FN:46,getBook
FN:51,getAllBooks
FN:56,updateBook
FN:66,getAllBooksSince
FN:68,(anonymous_7)
FNF:8
FNH:6
FNDA:6,initWithSomeBooks
FNDA:32,createNewBook
FNDA:5,deleteBook
FNDA:9,getBook
FNDA:6,getAllBooks
FNDA:1,updateBook
FNDA:0,getAllBooksSince
FNDA:0,(anonymous_7)
DA:7,4
DA:10,4
DA:14,6
DA:15,6
DA:17,6
DA:18,6
DA:19,6
DA:20,6
DA:21,6
DA:26,32
DA:27,32
DA:29,32
DA:36,32
DA:38,32
DA:43,5
DA:48,9
DA:53,6
DA:58,1
DA:59,0
DA:62,1
DA:63,1
DA:68,0
DA:71,4
LF:23
LH:21
BRDA:58,0,0,0
BRDA:58,0,1,1
BRF:2
BRH:1
end_of_record
TN:
SF:C:\Users\Tharin\Desktop\pg6301_web_development_mock_exam\src\server\db\users.js
FN:11,getUser
FN:23,verifyUser
FN:42,createUser
FN:57,resetAllUsers
FNF:4
FNH:4
FNDA:25,getUser
FNDA:8,verifyUser
FNDA:5,createUser
FNDA:2,resetAllUsers
DA:3,4
DA:13,25
DA:25,8
DA:27,8
DA:28,1
DA:30,7
DA:44,5
DA:45,0
DA:48,5
DA:53,5
DA:54,5
DA:58,2
DA:63,4
LF:13
LH:12
BRDA:27,0,0,1
BRDA:27,0,1,7
BRDA:44,1,0,0
BRDA:44,1,1,5
BRF:4
BRH:3
end_of_record
TN:
SF:C:\Users\Tharin\Desktop\pg6301_web_development_mock_exam\src\server\routes\auth-api.js
FN:9,(anonymous_0)
FN:15,(anonymous_1)
FN:24,(anonymous_2)
FN:25,(anonymous_3)
FN:36,(anonymous_4)
FN:46,(anonymous_5)
FNF:6
FNH:6
FNDA:2,(anonymous_0)
FNDA:5,(anonymous_1)
FNDA:5,(anonymous_2)
FNDA:5,(anonymous_3)
FNDA:1,(anonymous_4)
FNDA:7,(anonymous_5)
DA:3,4
DA:4,4
DA:5,4
DA:7,4
DA:9,4
DA:11,2
DA:15,4
DA:17,5
DA:19,5
DA:20,0
DA:21,0
DA:24,5
DA:25,5
DA:26,5
DA:28,0
DA:30,5
DA:36,4
DA:38,1
DA:39,1
DA:46,4
DA:48,7
DA:49,3
DA:50,3
DA:53,4
DA:54,4
DA:64,4
LF:26
LH:23
BRDA:19,0,0,0
BRDA:19,0,1,5
BRDA:26,1,0,0
BRDA:26,1,1,5
BRDA:48,2,0,3
BRDA:48,2,1,4
BRDA:53,3,0,4
BRDA:53,3,1,0
BRF:8
BRH:5
end_of_record
TN:
SF:C:\Users\Tharin\Desktop\pg6301_web_development_mock_exam\src\server\routes\item-api.js
FN:5,(anonymous_0)
FN:27,(anonymous_1)
FN:48,(anonymous_2)
FN:65,(anonymous_3)
FN:81,(anonymous_4)
FN:104,(anonymous_5)
FNF:6
FNH:5
FNDA:6,(anonymous_0)
FNDA:9,(anonymous_1)
FNDA:5,(anonymous_2)
FNDA:2,(anonymous_3)
FNDA:1,(anonymous_4)
FNDA:0,(anonymous_5)
DA:1,4
DA:2,4
DA:3,4
DA:5,4
DA:12,6
DA:14,6
DA:15,0
DA:17,6
DA:27,4
DA:29,9
DA:31,9
DA:32,1
DA:33,1
DA:35,8
DA:48,4
DA:50,5
DA:51,5
DA:52,5
DA:55,0
DA:57,5
DA:65,4
DA:67,2
DA:69,2
DA:71,2
DA:72,2
DA:73,2
DA:81,4
DA:83,1
DA:84,0
DA:85,0
DA:86,0
DA:89,1
DA:91,1
DA:92,1
DA:95,0
DA:97,1
DA:104,4
DA:105,0
DA:106,0
DA:109,4
LF:40
LH:32
BRDA:14,0,0,0
BRDA:14,0,1,6
BRDA:14,1,0,6
BRDA:14,1,1,0
BRDA:31,2,0,1
BRDA:31,2,1,8
BRDA:31,3,0,9
BRDA:31,3,1,8
BRDA:51,4,0,5
BRDA:51,4,1,0
BRDA:83,5,0,0
BRDA:83,5,1,1
BRDA:91,6,0,1
BRDA:91,6,1,0
BRF:14
BRH:9
end_of_record
